(node:5972) [DEP0169] DeprecationWarning: `url.parse()` behavior is not standardized and prone to errors that have security implications. Use the WHATWG URL API instead. CVEs are not issued for `url.parse()` vulnerabilities.
(Use `node --trace-deprecation ...` to show where the warning was created)
[Phase6][Redis][runtime-pub] redis://127.0.0.1:6381: Error: read ECONNRESET
    at ignore-listed frames {
  errno: -4077,
  code: 'ECONNRESET',
  syscall: 'read'
}
[Phase6][Redis][runtime-pub] redis://127.0.0.1:6381: Error: read ECONNRESET
    at ignore-listed frames {
  errno: -4077,
  code: 'ECONNRESET',
  syscall: 'read'
}
[Phase6][Redis][adapter-pub] redis://127.0.0.1:6381: Error: read ECONNRESET
    at ignore-listed frames {
  errno: -4077,
  code: 'ECONNRESET',
  syscall: 'read'
}
[Phase6][Redis][adapter-pub] redis://127.0.0.1:6381: Error: read ECONNRESET
    at ignore-listed frames {
  errno: -4077,
  code: 'ECONNRESET',
  syscall: 'read'
}
[Phase6][Redis][adapter-sub] redis://127.0.0.1:6381: Error: read ECONNRESET
    at ignore-listed frames {
  errno: -4077,
  code: 'ECONNRESET',
  syscall: 'read'
}
[Phase6][Redis][adapter-sub] redis://127.0.0.1:6381: Error: read ECONNRESET
    at ignore-listed frames {
  errno: -4077,
  code: 'ECONNRESET',
  syscall: 'read'
}
[Phase6][Redis][runtime-sub] redis://127.0.0.1:6381: Error: read ECONNRESET
    at ignore-listed frames {
  errno: -4077,
  code: 'ECONNRESET',
  syscall: 'read'
}
[Phase6][Redis][runtime-sub] redis://127.0.0.1:6381: Error: read ECONNRESET
    at ignore-listed frames {
  errno: -4077,
  code: 'ECONNRESET',
  syscall: 'read'
}
