[DB] Skipping Prisma db push because AUTO_DB_PUSH is not enabled
Creating turbopack project { dir: 'D:\\Public\\exam-system-online', testMode: true }

╔════════════════════════════════════════╗
║      ExamFlow Pro is running! 🎓      ║
╠════════════════════════════════════════╣
║  URL:    http://localhost:3115         ║
║  Mode:   Development              ║
║  Socket: Enabled (ws://localhost:3115) ║
╚════════════════════════════════════════╝
    
 GET /api/auth/csrf 200 in 1582ms (next.js: 1548ms, application-code: 35ms)
 GET /api/auth/csrf 200 in 14ms (next.js: 8ms, application-code: 6ms)
 POST /api/auth/callback/credentials 302 in 1716ms (next.js: 4ms, application-code: 1711ms)
 GET / 307 in 2.4s (next.js: 999ms, application-code: 1355ms)
 GET /login 200 in 903ms (next.js: 52ms, application-code: 852ms)
 GET /login 200 in 458ms (next.js: 2ms, application-code: 456ms)
 GET /api/public/system-settings 200 in 527ms (next.js: 284ms, application-code: 243ms)
 GET /api/auth/providers 200 in 25ms (next.js: 13ms, application-code: 12ms)
 GET /api/auth/csrf 200 in 8ms (next.js: 3ms, application-code: 5ms)
 POST /api/auth/callback/credentials? 200 in 691ms (next.js: 1756µs, application-code: 689ms)
 GET / 200 in 278ms (next.js: 3ms, application-code: 275ms)
 GET / 200 in 920ms (next.js: 4ms, application-code: 917ms)
 GET /admin/dashboard 200 in 1523ms (next.js: 476ms, application-code: 1047ms)
 GET /admin/dashboard 200 in 1550ms (next.js: 3ms, application-code: 1547ms)
 GET /api/auth/csrf 200 in 14ms (next.js: 8ms, application-code: 7ms)
 POST /api/auth/callback/credentials 302 in 714ms (next.js: 3ms, application-code: 712ms)
 GET / 307 in 441ms (next.js: 4ms, application-code: 437ms)
 GET /login 200 in 435ms (next.js: 1924µs, application-code: 433ms)
 GET /login 200 in 398ms (next.js: 4ms, application-code: 394ms)
 GET /api/public/system-settings 200 in 249ms (next.js: 1734µs, application-code: 247ms)
 GET /api/auth/providers 200 in 12ms (next.js: 7ms, application-code: 5ms)
 GET /api/auth/csrf 200 in 6ms (next.js: 1483µs, application-code: 5ms)
 POST /api/auth/callback/credentials? 200 in 724ms (next.js: 1687µs, application-code: 722ms)
 GET / 200 in 307ms (next.js: 4ms, application-code: 304ms)
 GET / 200 in 384ms (next.js: 7ms, application-code: 377ms)
 GET /admin/dashboard 200 in 863ms (next.js: 2ms, application-code: 860ms)
 GET /admin/dashboard 200 in 962ms (next.js: 4ms, application-code: 958ms)
 GET /api/auth/csrf 200 in 13ms (next.js: 9ms, application-code: 4ms)
 POST /api/auth/callback/credentials 302 in 600ms (next.js: 1647µs, application-code: 598ms)
 GET / 307 in 380ms (next.js: 1623µs, application-code: 378ms)
 GET /login 200 in 388ms (next.js: 2ms, application-code: 386ms)
 GET /login 200 in 377ms (next.js: 1660µs, application-code: 375ms)
 GET /api/public/system-settings 200 in 226ms (next.js: 1644µs, application-code: 225ms)
 GET /api/auth/providers 200 in 19ms (next.js: 10ms, application-code: 9ms)
 GET /api/auth/csrf 200 in 6ms (next.js: 2ms, application-code: 4ms)
 POST /api/auth/callback/credentials? 200 in 668ms (next.js: 1786µs, application-code: 666ms)
 GET / 200 in 261ms (next.js: 4ms, application-code: 257ms)
 GET / 200 in 379ms (next.js: 1673µs, application-code: 377ms)
 GET /admin/dashboard 200 in 756ms (next.js: 2ms, application-code: 754ms)
 GET /admin/dashboard 200 in 1045ms (next.js: 2ms, application-code: 1043ms)
 GET /api/auth/csrf 200 in 14ms (next.js: 6ms, application-code: 8ms)
 POST /api/auth/callback/credentials 302 in 660ms (next.js: 2ms, application-code: 658ms)
 GET / 307 in 398ms (next.js: 4ms, application-code: 394ms)
 GET /login 200 in 433ms (next.js: 4ms, application-code: 429ms)
 GET /login 200 in 394ms (next.js: 1905µs, application-code: 392ms)
 GET /api/public/system-settings 200 in 246ms (next.js: 1430µs, application-code: 244ms)
 GET /api/auth/providers 200 in 22ms (next.js: 14ms, application-code: 8ms)
 GET /api/auth/csrf 200 in 5ms (next.js: 2ms, application-code: 3ms)
 POST /api/auth/callback/credentials? 200 in 659ms (next.js: 3ms, application-code: 657ms)
 GET / 200 in 265ms (next.js: 2ms, application-code: 263ms)
 GET / 200 in 393ms (next.js: 1912µs, application-code: 391ms)
prisma:error 
Invalid `__TURBOPACK__imported__module__$5b$project$5d2f$src$2f$lib$2f$prisma$2e$ts__$5b$app$2d$rsc$5d$__$28$ecmascript$29$__["prisma"].exam.findMany()` invocation in
D:\Public\exam-system-online\.next\dev\server\chunks\ssr\[root-of-the-server]__0n5xnsa._.js:65:141

  62         teacherId: profile.id
  63     }
  64 }),
→ 65 __TURBOPACK__imported__module__$5b$project$5d2f$src$2f$lib$2f$prisma$2e$ts__$5b$app$2d$rsc$5d$__$28$ecmascript$29$__["prisma"].exam.findMany(
Inconsistent query result: Field academicYear is required to return data, got `null` instead.
 GET /teacher/dashboard 200 in 1112ms (next.js: 3ms, application-code: 1109ms)
prisma:error 
Invalid `__TURBOPACK__imported__module__$5b$project$5d2f$src$2f$lib$2f$prisma$2e$ts__$5b$app$2d$rsc$5d$__$28$ecmascript$29$__["prisma"].exam.findMany()` invocation in
D:\Public\exam-system-online\.next\dev\server\chunks\ssr\[root-of-the-server]__0n5xnsa._.js:65:141

  62         teacherId: profile.id
  63     }
  64 }),
→ 65 __TURBOPACK__imported__module__$5b$project$5d2f$src$2f$lib$2f$prisma$2e$ts__$5b$app$2d$rsc$5d$__$28$ecmascript$29$__["prisma"].exam.findMany(
Inconsistent query result: Field academicYear is required to return data, got `null` instead.
 GET /teacher/dashboard 200 in 1265ms (next.js: 82ms, application-code: 1183ms)
 GET /api/auth/csrf 200 in 15ms (next.js: 10ms, application-code: 5ms)
 POST /api/auth/callback/credentials 302 in 657ms (next.js: 1641µs, application-code: 656ms)
 GET / 307 in 410ms (next.js: 4ms, application-code: 407ms)
 GET /login 200 in 378ms (next.js: 2ms, application-code: 376ms)
 GET /login 200 in 487ms (next.js: 4ms, application-code: 483ms)
 GET /api/public/system-settings 200 in 217ms (next.js: 1886µs, application-code: 215ms)
 GET /api/auth/providers 200 in 31ms (next.js: 19ms, application-code: 13ms)
 GET /api/auth/csrf 200 in 11ms (next.js: 2ms, application-code: 9ms)
 POST /api/auth/callback/credentials? 200 in 669ms (next.js: 1934µs, application-code: 667ms)
 GET / 200 in 272ms (next.js: 3ms, application-code: 269ms)
 GET / 200 in 374ms (next.js: 4ms, application-code: 369ms)
 GET /teacher/dashboard 200 in 666ms (next.js: 3ms, application-code: 663ms)
 GET /teacher/dashboard 200 in 773ms (next.js: 2ms, application-code: 771ms)
 GET /api/auth/csrf 200 in 12ms (next.js: 8ms, application-code: 4ms)
 POST /api/auth/callback/credentials 302 in 630ms (next.js: 1621µs, application-code: 629ms)
 GET / 307 in 388ms (next.js: 4ms, application-code: 385ms)
 GET /login 200 in 422ms (next.js: 2ms, application-code: 420ms)
 GET /login 200 in 383ms (next.js: 1629µs, application-code: 382ms)
 GET /api/public/system-settings 200 in 240ms (next.js: 1752µs, application-code: 238ms)
 GET /api/auth/providers 200 in 23ms (next.js: 13ms, application-code: 10ms)
 GET /api/auth/csrf 200 in 12ms (next.js: 7ms, application-code: 5ms)
 POST /api/auth/callback/credentials? 200 in 681ms (next.js: 2ms, application-code: 679ms)
 GET / 200 in 270ms (next.js: 3ms, application-code: 266ms)
 GET / 200 in 364ms (next.js: 2ms, application-code: 362ms)
 GET /teacher/dashboard 200 in 661ms (next.js: 3ms, application-code: 657ms)
 GET /teacher/dashboard 200 in 703ms (next.js: 3ms, application-code: 700ms)
 GET /api/auth/csrf 200 in 11ms (next.js: 6ms, application-code: 5ms)
 POST /api/auth/callback/credentials 302 in 663ms (next.js: 3ms, application-code: 660ms)
 GET / 307 in 415ms (next.js: 4ms, application-code: 411ms)
 GET /login 200 in 413ms (next.js: 1745µs, application-code: 411ms)
 GET /login 200 in 429ms (next.js: 1837µs, application-code: 428ms)
 GET /api/public/system-settings 200 in 235ms (next.js: 1672µs, application-code: 233ms)
 GET /api/auth/providers 200 in 24ms (next.js: 14ms, application-code: 10ms)
 GET /api/auth/csrf 200 in 8ms (next.js: 1875µs, application-code: 6ms)
 POST /api/auth/callback/credentials? 200 in 670ms (next.js: 1484µs, application-code: 668ms)
 GET / 200 in 269ms (next.js: 5ms, application-code: 264ms)
 GET / 200 in 390ms (next.js: 3ms, application-code: 387ms)
 GET /teacher/dashboard 200 in 618ms (next.js: 2ms, application-code: 616ms)
 GET /teacher/dashboard 200 in 722ms (next.js: 2ms, application-code: 720ms)
 GET /api/auth/csrf 200 in 10ms (next.js: 6ms, application-code: 4ms)
 POST /api/auth/callback/credentials 302 in 630ms (next.js: 1383µs, application-code: 629ms)
 GET / 307 in 382ms (next.js: 4ms, application-code: 379ms)
 GET /login 200 in 414ms (next.js: 1461µs, application-code: 413ms)
 GET /login 200 in 401ms (next.js: 2ms, application-code: 399ms)
 GET /api/public/system-settings 200 in 253ms (next.js: 1535µs, application-code: 252ms)
 GET /api/auth/providers 200 in 22ms (next.js: 14ms, application-code: 8ms)
 GET /api/auth/csrf 200 in 5ms (next.js: 1485µs, application-code: 4ms)
 POST /api/auth/callback/credentials? 200 in 713ms (next.js: 1758µs, application-code: 711ms)
 GET / 200 in 281ms (next.js: 5ms, application-code: 276ms)
 GET / 200 in 390ms (next.js: 2ms, application-code: 388ms)
 GET /student/dashboard 200 in 1581ms (next.js: 92ms, application-code: 1489ms)
 GET /student/dashboard 200 in 1573ms (next.js: 3ms, application-code: 1570ms)
 GET /api/auth/csrf 200 in 11ms (next.js: 8ms, application-code: 3ms)
 POST /api/auth/callback/credentials 302 in 694ms (next.js: 1763µs, application-code: 692ms)
 GET / 307 in 388ms (next.js: 4ms, application-code: 384ms)
 GET /login 200 in 393ms (next.js: 2ms, application-code: 391ms)
 GET /login 200 in 406ms (next.js: 1631µs, application-code: 405ms)
 GET /api/public/system-settings 200 in 232ms (next.js: 1934µs, application-code: 230ms)
 GET /api/auth/providers 200 in 11ms (next.js: 7ms, application-code: 4ms)
 GET /api/auth/csrf 200 in 6ms (next.js: 2ms, application-code: 3ms)
 POST /api/auth/callback/credentials? 200 in 609ms (next.js: 1958µs, application-code: 607ms)
 GET / 200 in 246ms (next.js: 3ms, application-code: 243ms)
 GET / 200 in 355ms (next.js: 1913µs, application-code: 353ms)
 GET /student/dashboard 200 in 1461ms (next.js: 3ms, application-code: 1458ms)
 GET /student/dashboard 200 in 1483ms (next.js: 2ms, application-code: 1481ms)
 GET /api/teacher/translations/questions/cmrhfhg8v000vz6zfu3b41b9d?languageId=cmrc1y4h10006k2kdse7x47oh 200 in 3.1s (next.js: 1057ms, application-code: 2.1s)
 GET /api/teacher/translations/questions/cmrhfhg8v0011z6zfr8ijuhq5?languageId=cmrfudipt00001387aijb5mgh 200 in 2.1s (next.js: 12ms, application-code: 2.0s)
 POST /api/teacher/translations/questions/cmrhfhg8v000vz6zfu3b41b9d 201 in 5.2s (next.js: 12ms, application-code: 5.1s)
 POST /api/teacher/translations/questions/cmrhfhg8v0011z6zfr8ijuhq5 201 in 5.1s (next.js: 15ms, application-code: 5.1s)
 PATCH /api/teacher/translations/questions/cmrhfhg8v0011z6zfr8ijuhq5 200 in 5.7s (next.js: 12ms, application-code: 5.7s)
 POST /api/teacher/translations/questions/cmrhfhg8v000vz6zfu3b41b9d 409 in 2.2s (next.js: 17ms, application-code: 2.2s)
 POST /api/teacher/translations/questions/cmrhfhg8v000vz6zfu3b41b9d 400 in 2.2s (next.js: 14ms, application-code: 2.2s)
 GET /teacher/translations 200 in 2.1s (next.js: 118ms, application-code: 1999ms)
 GET /api/teacher/translations/questions/cmrhfhg8v0012z6zfrm06i9s9?languageId=cmrc1y4h10006k2kdse7x47oh 200 in 2.5s (next.js: 8ms, application-code: 2.5s)
 GET /api/teacher/translations/questions?languageId=cmrc1y4h10006k2kdse7x47oh&missingOnly=false 200 in 2.7s (next.js: 1059ms, application-code: 1679ms)
 GET /api/teacher/translations/questions/cmrhfhg8v0012z6zfrm06i9s9?languageId=cmrfudipt00001387aijb5mgh 200 in 109ms (next.js: 7ms, application-code: 102ms)
 GET /api/teacher/translations/questions?languageId=cmrfudipt00001387aijb5mgh&missingOnly=false 200 in 113ms (next.js: 16ms, application-code: 96ms)
 GET /api/teacher/translations/questions/cmrhfhg8v000vz6zfu3b41b9d?languageId=cmrfudipt00001387aijb5mgh 200 in 66ms (next.js: 2ms, application-code: 64ms)
 GET /teacher/translations 200 in 1842ms (next.js: 1947µs, application-code: 1840ms)
 GET /api/teacher/translations/questions?languageId=cmrc1y4h10006k2kdse7x47oh&missingOnly=false 200 in 1565ms (next.js: 8ms, application-code: 1556ms)
 GET /api/teacher/translations/questions/cmrhfhg8v0012z6zfrm06i9s9?languageId=cmrc1y4h10006k2kdse7x47oh 200 in 1942ms (next.js: 16ms, application-code: 1925ms)
 GET /api/teacher/translations/questions/cmrhfhg8v0011z6zfr8ijuhq5?languageId=cmrc1y4h10006k2kdse7x47oh 200 in 24ms (next.js: 8ms, application-code: 16ms)
 PATCH /api/questions/cmrhfhg8v0012z6zfrm06i9s9 409 in 1892ms (next.js: 876ms, application-code: 1016ms)
 PATCH /api/questions/cmrhfhg8v000vz6zfu3b41b9d 200 in 1946ms (next.js: 14ms, application-code: 1932ms)
 POST /api/teacher/translations/exams/cmrhfhhoe001pz6zfmuafh7ul 201 in 4.9s (next.js: 13ms, application-code: 4.9s)
 POST /api/teacher/translations/exams/cmrhfhhoe001uz6zfvg07g6rv 201 in 4.8s (next.js: 13ms, application-code: 4.8s)
 GET /api/teacher/translations/exams/cmrhfhhoe001pz6zfmuafh7ul?languageId=cmrfudipt00001387aijb5mgh 200 in 2.3s (next.js: 5ms, application-code: 2.3s)
 GET /api/teacher/translations/exams/cmrhfhhoe001uz6zfvg07g6rv?languageId=cmrc1y4h10006k2kdse7x47oh 200 in 2.2s (next.js: 6ms, application-code: 2.2s)
 PATCH /api/exams/cmrhfhhoe001wz6zf59fziqr0 409 in 2.4s (next.js: 973ms, application-code: 1440ms)
 PATCH /api/exams/cmrhfhhoe001uz6zfvg07g6rv 200 in 1939ms (next.js: 7ms, application-code: 1932ms)
 PATCH /api/exams/cmrhfhhoe001pz6zfmuafh7ul 200 in 1950ms (next.js: 12ms, application-code: 1938ms)
 PATCH /api/exams/cmrhfhhoe001uz6zfvg07g6rv 200 in 1937ms (next.js: 13ms, application-code: 1924ms)
 GET /student/exams/cmrhfhhoe001pz6zfmuafh7ul 200 in 2.6s (next.js: 363ms, application-code: 2.3s)
 GET /student/exams/cmrhfhhoe001uz6zfvg07g6rv 200 in 2.4s (next.js: 7ms, application-code: 2.4s)
 GET /student/exams/cmrhfhhoe001uz6zfvg07g6rv 200 in 2.1s (next.js: 7ms, application-code: 2.1s)
 GET /api/exams/cmrhfhhoe001uz6zfvg07g6rv?withQuestions=true&languageId=cmrc1y4h10006k2kdse7x47oh 200 in 2.2s (next.js: 7ms, application-code: 2.2s)
 GET /student/exams/cmrhfhhoe001uz6zfvg07g6rv 404 in 1287ms (next.js: 6ms, application-code: 1282ms)
 GET /api/socket/token 200 in 572ms (next.js: 411ms, application-code: 161ms)
[Socket] Connected: cmrhdzq7d0002whz58rqdkwy3 (STUDENT) - Wesnwx-WU2rQLoNSAAAB
[Socket] Disconnected: cmrhdzq7d0002whz58rqdkwy3 - Wesnwx-WU2rQLoNSAAAB
 POST /api/teacher/translations/coursework-rules/cmrhfhj94002fz6zfq95at050 201 in 4.8s (next.js: 15ms, application-code: 4.8s)
 POST /api/teacher/translations/coursework-assignments/cmrhfhjo9002lz6zf62uosi0o 201 in 4.8s (next.js: 13ms, application-code: 4.8s)
 PATCH /api/teacher/translations/coursework-assignments/cmrhfhjo9002lz6zf62uosi0o 200 in 4.9s (next.js: 10ms, application-code: 4.9s)
 GET /student/coursework 200 in 2.1s (next.js: 108ms, application-code: 1995ms)
 PATCH /api/teacher/translations/coursework-rules/cmrhfhj94002ez6zfjo94vnx3 409 in 2.4s (next.js: 8ms, application-code: 2.4s)
 GET /api/teacher/translations/questions/cmrhfhg8v0011z6zfr8ijuhq5?languageId=cmrc1y4h10006k2kdse7x47oh 200 in 1925ms (next.js: 8ms, application-code: 1917ms)
 GET /api/teacher/translations/questions?languageId=cmrc1y4h10006k2kdse7x47oh&departmentId=cmrc1y4pr000ck2kd4d7vqcwq 403 in 267ms (next.js: 6ms, application-code: 261ms)
 GET /student/coursework 200 in 1912ms (next.js: 1958µs, application-code: 1910ms)
 POST /api/teacher/translations/ebooks/cmrhfhk3k002rz6zf8hsq2vsw 201 in 3.9s (next.js: 6ms, application-code: 3.9s)
 PATCH /api/teacher/translations/ebooks/cmrhfhk3k002rz6zf8hsq2vsw 200 in 4.0s (next.js: 13ms, application-code: 4.0s)
 GET /student/ebooks 200 in 1808ms (next.js: 91ms, application-code: 1716ms)
 GET /api/teacher/translations/ebooks/cmrhfhk3k002rz6zf8hsq2vsw?languageId=cmrc1y4h10006k2kdse7x47oh 200 in 1729ms (next.js: 13ms, application-code: 1716ms)
 PATCH /api/teacher/translations/ebooks/cmrhfhk3k002qz6zf1o01lh0a 409 in 1820ms (next.js: 6ms, application-code: 1814ms)
 GET /api/teacher/translations/ebooks/cmrhfhk3k002rz6zf8hsq2vsw?languageId=cmrc1y4h10006k2kdse7x47oh 403 in 1412ms (next.js: 13ms, application-code: 1399ms)
 GET /student/ebooks 200 in 1785ms (next.js: 2ms, application-code: 1782ms)
 GET /api/teacher/translations/questions?languageId=cmrfudipt00001387aijb5mgh 200 in 1651ms (next.js: 6ms, application-code: 1645ms)
 GET /api/teacher/translations/exams/cmrhfhhoe001uz6zfvg07g6rv?languageId=cmrc1y4h10006k2kdse7x47oh 200 in 2.3s (next.js: 6ms, application-code: 2.3s)
 GET /api/teacher/translations/questions/cmrhfhg8v0011z6zfr8ijuhq5?languageId=cmrc1y4h10006k2kdse7x47oh 403 in 1702ms (next.js: 13ms, application-code: 1689ms)
 GET /api/teacher/translations/questions?languageId=cmrfudipt00001387aijb5mgh&departmentId=cmrc1y4pr000ck2kd4d7vqcwq 200 in 965ms (next.js: 6ms, application-code: 958ms)
 GET /api/teacher/translations/questions/cmrhfhg8v000vz6zfu3b41b9d?languageId=cmrfudipt00001387aijb5mgh 403 in 1212ms (next.js: 14ms, application-code: 1198ms)
 GET /api/teacher/translations/questions/cmrhfhg8v000vz6zfu3b41b9d?languageId=cmrfudipt00001387aijb5mgh 401 in 19ms (next.js: 7ms, application-code: 12ms)
 GET /teacher/translations 200 in 1974ms (next.js: 1715µs, application-code: 1972ms)
 GET /api/teacher/translations/questions?languageId=cmrc1y4h10006k2kdse7x47oh&missingOnly=false 200 in 1600ms (next.js: 8ms, application-code: 1592ms)
 GET /api/teacher/translations/questions/cmrhfhg8v000vz6zfu3b41b9d?languageId=cmrc1y4h10006k2kdse7x47oh 200 in 2.0s (next.js: 7ms, application-code: 1998ms)
 GET /api/teacher/translations/questions?languageId=cmrfudipt00001387aijb5mgh&missingOnly=false 200 in 1844ms (next.js: 12ms, application-code: 1833ms)
 GET /api/teacher/translations/questions?languageId=cmrfudipt00001387aijb5mgh&missingOnly=true 200 in 1894ms (next.js: 1652µs, application-code: 1893ms)
 GET /api/teacher/translations/questions/cmrhfhg8v000vz6zfu3b41b9d?languageId=cmrfudipt00001387aijb5mgh 200 in 2.2s (next.js: 24ms, application-code: 2.2s)
 GET /api/teacher/translations/questions/cmrhfhg8v0012z6zfrm06i9s9?languageId=cmrc1y4h10006k2kdse7x47oh 200 in 2.3s (next.js: 2ms, application-code: 2.3s)
 GET /api/teacher/translations/questions?languageId=cmrc1y4h10006k2kdse7x47oh&missingOnly=true 200 in 1642ms (next.js: 8ms, application-code: 1634ms)
 GET /api/teacher/translations/questions/cmrhfhg8v0012z6zfrm06i9s9?languageId=cmrfudipt00001387aijb5mgh 200 in 2.1s (next.js: 7ms, application-code: 2.1s)
 GET /api/teacher/translations/questions/cmrhfhg8v0012z6zfrm06i9s9?languageId=cmrc1y4h10006k2kdse7x47oh 200 in 1906ms (next.js: 13ms, application-code: 1893ms)
 PATCH /api/teacher/translations/questions/cmrhfhg8v0012z6zfrm06i9s9 200 in 5.6s (next.js: 7ms, application-code: 5.5s)
 PATCH /api/teacher/translations/questions/cmrhfhg8v0012z6zfrm06i9s9 200 in 5.4s (next.js: 12ms, application-code: 5.4s)
