[DB] Skipping Prisma db push because AUTO_DB_PUSH is not enabled
Creating turbopack project { dir: 'D:\\Public\\exam-system-online', testMode: true }

╔════════════════════════════════════════╗
║      ExamFlow Pro is running! 🎓      ║
╠════════════════════════════════════════╣
║  URL:    http://localhost:3000         ║
║  Mode:   Development              ║
║  Socket: Enabled (ws://localhost:3000) ║
╚════════════════════════════════════════╝
    
 GET /login 200 in 2.6s (next.js: 892ms, application-code: 1742ms)
 GET /login 200 in 421ms (next.js: 4ms, application-code: 416ms)
 GET /api/public/system-settings 200 in 1377ms (next.js: 414ms, application-code: 963ms)
 GET /api/auth/providers 200 in 1376ms (next.js: 1359ms, application-code: 17ms)
 GET /api/auth/csrf 200 in 15ms (next.js: 6ms, application-code: 9ms)
 POST /api/auth/callback/credentials? 200 in 632ms (next.js: 4ms, application-code: 629ms)
 GET / 200 in 1402ms (next.js: 449ms, application-code: 953ms)
 GET / 200 in 938ms (next.js: 9ms, application-code: 929ms)
 GET /admin/dashboard 200 in 1073ms (next.js: 3ms, application-code: 1070ms)
 GET /admin/dashboard 200 in 1681ms (next.js: 565ms, application-code: 1116ms)
 GET /admin/teacher-departments 200 in 1582ms (next.js: 587ms, application-code: 995ms)
 GET /login 200 in 428ms (next.js: 2ms, application-code: 426ms)
 GET /api/auth/providers 200 in 20ms (next.js: 9ms, application-code: 11ms)
 GET /api/auth/csrf 200 in 9ms (next.js: 3ms, application-code: 6ms)
 GET /api/public/system-settings 200 in 230ms (next.js: 1861µs, application-code: 228ms)
 POST /api/auth/callback/credentials? 200 in 641ms (next.js: 1556µs, application-code: 639ms)
 GET / 200 in 271ms (next.js: 4ms, application-code: 267ms)
 GET / 200 in 368ms (next.js: 4ms, application-code: 365ms)
 GET /admin/dashboard 200 in 833ms (next.js: 3ms, application-code: 831ms)
 GET /admin/dashboard 200 in 1116ms (next.js: 3ms, application-code: 1113ms)
 POST /api/admin/teacher-memberships 409 in 1133ms (next.js: 633ms, application-code: 500ms)
 GET /login 200 in 425ms (next.js: 2ms, application-code: 422ms)
 GET /api/auth/providers 200 in 26ms (next.js: 14ms, application-code: 12ms)
 GET /api/auth/csrf 200 in 7ms (next.js: 2ms, application-code: 4ms)
 GET /api/public/system-settings 200 in 263ms (next.js: 1805µs, application-code: 261ms)
 POST /api/auth/callback/credentials? 200 in 639ms (next.js: 1525µs, application-code: 638ms)
 GET / 200 in 280ms (next.js: 4ms, application-code: 277ms)
 GET / 200 in 375ms (next.js: 3ms, application-code: 372ms)
 GET /admin/dashboard 200 in 856ms (next.js: 4ms, application-code: 852ms)
 GET /admin/dashboard 200 in 1241ms (next.js: 3ms, application-code: 1238ms)
 POST /api/admin/teacher-memberships 409 in 473ms (next.js: 1709µs, application-code: 471ms)
 GET /admin/teacher-departments 200 in 894ms (next.js: 6ms, application-code: 888ms)
 POST /api/admin/teaching-assignments 201 in 3.6s (next.js: 642ms, application-code: 3.0s)
 GET /admin/teaching-assignments 200 in 2.8s (next.js: 602ms, application-code: 2.2s)
 POST /api/admin/teaching-assignments 409 in 851ms (next.js: 4ms, application-code: 848ms)
 PATCH /api/admin/teaching-assignments/cmrgsi71800018ouzk5xiejcg 200 in 5.5s (next.js: 1062ms, application-code: 4.4s)
 GET /admin/teaching-assignments 200 in 2.2s (next.js: 6ms, application-code: 2.2s)
 PATCH /api/admin/teaching-assignments/cmrgsi71800018ouzk5xiejcg 200 in 4.9s (next.js: 10ms, application-code: 4.9s)
 GET /admin/teaching-assignments 200 in 2.2s (next.js: 6ms, application-code: 2.2s)
 POST /api/admin/teaching-assignments 201 in 2.8s (next.js: 1803µs, application-code: 2.8s)
 PATCH /api/admin/teaching-assignments/cmrgsi71800018ouzk5xiejcg 200 in 4.4s (next.js: 8ms, application-code: 4.4s)
 GET /admin/teaching-assignments 200 in 1555ms (next.js: 5ms, application-code: 1550ms)
 GET /admin/teaching-assignments 200 in 2.3s (next.js: 5ms, application-code: 2.3s)
 PATCH /api/admin/teaching-assignments/cmrgsip89000h8ouzjyeqmtdg 200 in 4.4s (next.js: 15ms, application-code: 4.4s)
 GET /admin/teaching-assignments 200 in 2.2s (next.js: 5ms, application-code: 2.1s)
 PATCH /api/admin/teaching-assignments/cmrgsip89000h8ouzjyeqmtdg 200 in 4.2s (next.js: 14ms, application-code: 4.2s)
 GET /login 200 in 410ms (next.js: 2ms, application-code: 408ms)
 GET /api/auth/providers 200 in 27ms (next.js: 17ms, application-code: 10ms)
 GET /api/auth/csrf 200 in 7ms (next.js: 2ms, application-code: 5ms)
 GET /api/public/system-settings 200 in 232ms (next.js: 1903µs, application-code: 230ms)
 GET /admin/teaching-assignments 200 in 2.3s (next.js: 1662µs, application-code: 2.3s)
 POST /api/auth/callback/credentials? 200 in 646ms (next.js: 2ms, application-code: 644ms)
 GET / 200 in 296ms (next.js: 4ms, application-code: 292ms)
 GET / 200 in 405ms (next.js: 2ms, application-code: 403ms)
 GET /admin/dashboard 200 in 571ms (next.js: 4ms, application-code: 567ms)
 GET /admin/dashboard 200 in 694ms (next.js: 3ms, application-code: 691ms)
 POST /api/admin/teaching-assignments 403 in 340ms (next.js: 5ms, application-code: 335ms)
 PATCH /api/admin/teaching-assignments/cmrgsip89000h8ouzjyeqmtdg 200 in 4.5s (next.js: 7ms, application-code: 4.5s)
 POST /api/admin/teacher-substitutions 201 in 2.2s (next.js: 559ms, application-code: 1658ms)
 GET /admin/teaching-assignments 200 in 2.2s (next.js: 4ms, application-code: 2.2s)
 GET /admin/teacher-substitutions 200 in 2.0s (next.js: 496ms, application-code: 1507ms)
 POST /api/admin/teacher-substitutions 409 in 682ms (next.js: 1459µs, application-code: 681ms)
 GET /login 200 in 417ms (next.js: 2ms, application-code: 414ms)
 GET /api/auth/providers 200 in 22ms (next.js: 13ms, application-code: 9ms)
 GET /api/auth/csrf 200 in 6ms (next.js: 1403µs, application-code: 4ms)
 GET /api/public/system-settings 200 in 223ms (next.js: 1689µs, application-code: 221ms)
 POST /api/auth/callback/credentials? 200 in 753ms (next.js: 1548µs, application-code: 752ms)
 GET / 200 in 277ms (next.js: 3ms, application-code: 274ms)
 GET / 200 in 384ms (next.js: 3ms, application-code: 381ms)
 GET /teacher/dashboard 200 in 1202ms (next.js: 100ms, application-code: 1101ms)
 GET /teacher/dashboard 200 in 1150ms (next.js: 7ms, application-code: 1143ms)
 GET /teacher/assignments 200 in 1915ms (next.js: 64ms, application-code: 1851ms)
 GET /login 200 in 415ms (next.js: 1956µs, application-code: 413ms)
 GET /api/auth/providers 200 in 15ms (next.js: 9ms, application-code: 5ms)
 GET /api/auth/csrf 200 in 4ms (next.js: 1341µs, application-code: 3ms)
 GET /api/public/system-settings 200 in 214ms (next.js: 1591µs, application-code: 213ms)
 POST /api/auth/callback/credentials? 200 in 635ms (next.js: 1904µs, application-code: 633ms)
 GET / 200 in 284ms (next.js: 5ms, application-code: 279ms)
 GET / 200 in 349ms (next.js: 4ms, application-code: 345ms)
 GET /teacher/dashboard 200 in 578ms (next.js: 4ms, application-code: 574ms)
 GET /teacher/dashboard 200 in 692ms (next.js: 4ms, application-code: 689ms)
 GET /teacher/workload 200 in 1386ms (next.js: 408ms, application-code: 977ms)
 GET /admin/teacher-workload 200 in 2.5s (next.js: 524ms, application-code: 1948ms)
 GET /api/admin/teacher-workload/reports?format=csv 200 in 2.3s (next.js: 496ms, application-code: 1776ms)
 GET /login 200 in 414ms (next.js: 1988µs, application-code: 412ms)
 GET /api/auth/providers 200 in 20ms (next.js: 14ms, application-code: 6ms)
 GET /api/auth/csrf 200 in 7ms (next.js: 3ms, application-code: 4ms)
 GET /api/public/system-settings 200 in 222ms (next.js: 1476µs, application-code: 221ms)
 POST /api/auth/callback/credentials? 200 in 663ms (next.js: 1698µs, application-code: 661ms)
 GET / 200 in 307ms (next.js: 4ms, application-code: 303ms)
 GET / 200 in 373ms (next.js: 1668µs, application-code: 372ms)
 GET /teacher/dashboard 200 in 1157ms (next.js: 5ms, application-code: 1153ms)
 GET /teacher/dashboard 200 in 1160ms (next.js: 10ms, application-code: 1150ms)
 POST /api/questions 201 in 2.2s (next.js: 561ms, application-code: 1633ms)
 POST /api/exams 400 in 614ms (next.js: 475ms, application-code: 139ms)
 GET /login 200 in 401ms (next.js: 3ms, application-code: 398ms)
 GET /api/auth/providers 200 in 17ms (next.js: 10ms, application-code: 6ms)
 GET /api/auth/csrf 200 in 7ms (next.js: 3ms, application-code: 4ms)
 GET /api/public/system-settings 200 in 239ms (next.js: 1450µs, application-code: 237ms)
 POST /api/auth/callback/credentials? 200 in 631ms (next.js: 1386µs, application-code: 630ms)
 GET / 200 in 277ms (next.js: 5ms, application-code: 272ms)
 GET / 200 in 366ms (next.js: 3ms, application-code: 363ms)
 GET /admin/dashboard 200 in 772ms (next.js: 4ms, application-code: 768ms)
 GET /admin/dashboard 200 in 755ms (next.js: 3ms, application-code: 752ms)
 POST /api/admin/teacher-memberships 409 in 478ms (next.js: 1735µs, application-code: 477ms)
 GET /admin/teacher-departments 200 in 943ms (next.js: 5ms, application-code: 938ms)
 POST /api/admin/teaching-assignments 201 in 3.3s (next.js: 4ms, application-code: 3.3s)
 GET /admin/teaching-assignments 200 in 2.2s (next.js: 3ms, application-code: 2.2s)
 POST /api/admin/teaching-assignments 409 in 807ms (next.js: 5ms, application-code: 802ms)
 PATCH /api/admin/teaching-assignments/cmrgsko8t001b8ouzlryqpo08 200 in 4.2s (next.js: 16ms, application-code: 4.2s)
 GET /admin/teaching-assignments 200 in 2.1s (next.js: 6ms, application-code: 2.1s)
 PATCH /api/admin/teaching-assignments/cmrgsko8t001b8ouzlryqpo08 200 in 4.4s (next.js: 12ms, application-code: 4.4s)
 GET /admin/teaching-assignments 200 in 2.2s (next.js: 6ms, application-code: 2.2s)
 POST /api/admin/teaching-assignments 201 in 2.9s (next.js: 4ms, application-code: 2.9s)
 PATCH /api/admin/teaching-assignments/cmrgsko8t001b8ouzlryqpo08 200 in 4.4s (next.js: 13ms, application-code: 4.4s)
 GET /admin/teaching-assignments 200 in 1765ms (next.js: 3ms, application-code: 1762ms)
 GET /admin/teaching-assignments 200 in 2.3s (next.js: 5ms, application-code: 2.3s)
 PATCH /api/admin/teaching-assignments/cmrgsl4za001r8ouz2endk02v 200 in 4.4s (next.js: 6ms, application-code: 4.4s)
 GET /admin/teaching-assignments 200 in 2.2s (next.js: 5ms, application-code: 2.2s)
 PATCH /api/admin/teaching-assignments/cmrgsl4za001r8ouz2endk02v 200 in 4.4s (next.js: 14ms, application-code: 4.4s)
 GET /login 200 in 427ms (next.js: 3ms, application-code: 425ms)
 GET /api/auth/providers 200 in 24ms (next.js: 9ms, application-code: 15ms)
 GET /api/auth/csrf 200 in 13ms (next.js: 5ms, application-code: 8ms)
 GET /admin/teaching-assignments 200 in 2.2s (next.js: 5ms, application-code: 2.2s)
 GET /api/public/system-settings 200 in 234ms (next.js: 2ms, application-code: 232ms)
 POST /api/auth/callback/credentials? 200 in 698ms (next.js: 2ms, application-code: 696ms)
 GET / 200 in 310ms (next.js: 4ms, application-code: 306ms)
 GET / 200 in 373ms (next.js: 3ms, application-code: 370ms)
 GET /admin/dashboard 200 in 516ms (next.js: 2ms, application-code: 514ms)
 GET /admin/dashboard 200 in 653ms (next.js: 3ms, application-code: 650ms)
 POST /api/admin/teaching-assignments 403 in 354ms (next.js: 2ms, application-code: 351ms)
 PATCH /api/admin/teaching-assignments/cmrgsl4za001r8ouz2endk02v 200 in 4.6s (next.js: 7ms, application-code: 4.6s)
 POST /api/admin/teacher-substitutions 201 in 1737ms (next.js: 5ms, application-code: 1733ms)
 GET /admin/teaching-assignments 200 in 2.1s (next.js: 6ms, application-code: 2.1s)
 GET /admin/teacher-substitutions 200 in 1415ms (next.js: 5ms, application-code: 1410ms)
 POST /api/admin/teacher-substitutions 409 in 641ms (next.js: 2ms, application-code: 639ms)
 GET /login 200 in 361ms (next.js: 2ms, application-code: 359ms)
 GET /api/auth/providers 200 in 14ms (next.js: 10ms, application-code: 4ms)
 GET /api/auth/csrf 200 in 6ms (next.js: 1491µs, application-code: 5ms)
 GET /api/public/system-settings 200 in 215ms (next.js: 1924µs, application-code: 213ms)
 POST /api/auth/callback/credentials? 200 in 877ms (next.js: 2ms, application-code: 875ms)
 GET / 200 in 269ms (next.js: 4ms, application-code: 266ms)
 GET / 200 in 375ms (next.js: 3ms, application-code: 372ms)
 GET /teacher/dashboard 200 in 1098ms (next.js: 4ms, application-code: 1094ms)
 GET /teacher/dashboard 200 in 1132ms (next.js: 3ms, application-code: 1128ms)
 GET /teacher/assignments 200 in 1737ms (next.js: 5ms, application-code: 1732ms)
 GET /login 200 in 424ms (next.js: 3ms, application-code: 421ms)
 GET /api/auth/providers 200 in 22ms (next.js: 14ms, application-code: 8ms)
 GET /api/auth/csrf 200 in 5ms (next.js: 1979µs, application-code: 3ms)
 GET /api/public/system-settings 200 in 233ms (next.js: 1861µs, application-code: 231ms)
 POST /api/auth/callback/credentials? 200 in 682ms (next.js: 1449µs, application-code: 681ms)
 GET / 200 in 281ms (next.js: 4ms, application-code: 278ms)
 GET / 200 in 371ms (next.js: 3ms, application-code: 368ms)
 GET /teacher/dashboard 200 in 622ms (next.js: 6ms, application-code: 615ms)
 GET /teacher/dashboard 200 in 775ms (next.js: 4ms, application-code: 771ms)
 GET /teacher/workload 200 in 1032ms (next.js: 4ms, application-code: 1028ms)
 GET /admin/teacher-workload 200 in 1995ms (next.js: 7ms, application-code: 1989ms)
 GET /api/admin/teacher-workload/reports?format=csv 200 in 1784ms (next.js: 5ms, application-code: 1780ms)
 GET /login 200 in 409ms (next.js: 3ms, application-code: 406ms)
 GET /api/auth/providers 200 in 20ms (next.js: 13ms, application-code: 8ms)
 GET /api/auth/csrf 200 in 7ms (next.js: 1795µs, application-code: 5ms)
 GET /api/public/system-settings 200 in 224ms (next.js: 1484µs, application-code: 222ms)
 POST /api/auth/callback/credentials? 200 in 664ms (next.js: 1916µs, application-code: 663ms)
 GET / 200 in 297ms (next.js: 5ms, application-code: 292ms)
 GET / 200 in 377ms (next.js: 3ms, application-code: 375ms)
 GET /teacher/dashboard 200 in 1075ms (next.js: 3ms, application-code: 1072ms)
 GET /teacher/dashboard 200 in 1110ms (next.js: 4ms, application-code: 1106ms)
 POST /api/questions 201 in 1577ms (next.js: 1652µs, application-code: 1576ms)
 POST /api/exams 201 in 1775ms (next.js: 5ms, application-code: 1770ms)
 GET /login 200 in 464ms (next.js: 4ms, application-code: 461ms)
 GET /api/auth/providers 200 in 18ms (next.js: 11ms, application-code: 7ms)
 GET /api/auth/csrf 200 in 5ms (next.js: 1530µs, application-code: 4ms)
 GET /api/public/system-settings 200 in 222ms (next.js: 1847µs, application-code: 220ms)
 POST /api/auth/callback/credentials? 200 in 444ms (next.js: 1882µs, application-code: 442ms)
 GET / 200 in 278ms (next.js: 5ms, application-code: 273ms)
 GET / 200 in 375ms (next.js: 3ms, application-code: 372ms)
 GET /teacher/dashboard 200 in 645ms (next.js: 5ms, application-code: 639ms)
 GET /teacher/dashboard 200 in 713ms (next.js: 3ms, application-code: 711ms)
prisma:error 
Invalid `__TURBOPACK__imported__module__$5b$project$5d2f$src$2f$lib$2f$prisma$2e$ts__$5b$app$2d$route$5d$__$28$ecmascript$29$__["prisma"].exam.findMany()` invocation in
D:\Public\exam-system-online\.next\dev\server\chunks\[root-of-the-server]__16zygss._.js:1835:159

  1832 if (validStatus && session.user.role !== __TURBOPACK__imported__module__$5b$externals$5d2f40$prisma$2f$client__$5b$external$5d$__$2840$prisma$2f$client$2c$__cjs$2c$__$5b$project$5d2f$node_modules$2f40$prisma$2f$client$29$__["UserRole"].STUDENT) {
  1833     where.status = validStatus;
  1834 }
→ 1835 const exams = await __TURBOPACK__imported__module__$5b$project$5d2f$src$2f$lib$2f$prisma$2e$ts__$5b$app$2d$route$5d$__$28$ecmascript$29$__["prisma"].exam.findMany(
Inconsistent query result: Field academicYear is required to return data, got `null` instead.
 GET /api/exams 500 in 1419ms (next.js: 1411µs, application-code: 1418ms)
 GET /login 200 in 1841ms (next.js: 638ms, application-code: 1203ms)
 GET /api/auth/providers 200 in 650ms (next.js: 637ms, application-code: 14ms)
 GET /api/auth/csrf 200 in 6ms (next.js: 1844µs, application-code: 4ms)
 GET /api/public/system-settings 200 in 1046ms (next.js: 286ms, application-code: 760ms)
 POST /api/auth/callback/credentials? 200 in 698ms (next.js: 1377µs, application-code: 697ms)
 GET / 200 in 842ms (next.js: 549ms, application-code: 293ms)
 GET / 200 in 370ms (next.js: 4ms, application-code: 366ms)
 GET /admin/dashboard 200 in 693ms (next.js: 2ms, application-code: 691ms)
 GET /admin/dashboard 200 in 1257ms (next.js: 497ms, application-code: 760ms)
 POST /api/admin/teacher-memberships 409 in 872ms (next.js: 404ms, application-code: 468ms)
 GET /admin/teacher-departments 200 in 930ms (next.js: 48ms, application-code: 882ms)
 POST /api/admin/teaching-assignments 201 in 3.5s (next.js: 397ms, application-code: 3.1s)
 GET /admin/teaching-assignments 200 in 2.4s (next.js: 79ms, application-code: 2.3s)
 POST /api/admin/teaching-assignments 409 in 810ms (next.js: 5ms, application-code: 805ms)
 PATCH /api/admin/teaching-assignments/cmrgsn7hi002p8ouzgd85i7et 200 in 4.7s (next.js: 354ms, application-code: 4.3s)
 GET /admin/teaching-assignments 200 in 2.1s (next.js: 5ms, application-code: 2.1s)
 PATCH /api/admin/teaching-assignments/cmrgsn7hi002p8ouzgd85i7et 200 in 4.0s (next.js: 16ms, application-code: 4.0s)
 GET /admin/teaching-assignments 200 in 2.2s (next.js: 5ms, application-code: 2.2s)
 POST /api/admin/teaching-assignments 201 in 2.9s (next.js: 2ms, application-code: 2.9s)
 PATCH /api/admin/teaching-assignments/cmrgsn7hi002p8ouzgd85i7et 200 in 4.4s (next.js: 18ms, application-code: 4.3s)
 GET /admin/teaching-assignments 200 in 1588ms (next.js: 5ms, application-code: 1583ms)
 GET /admin/teaching-assignments 200 in 2.2s (next.js: 6ms, application-code: 2.2s)
 PATCH /api/admin/teaching-assignments/cmrgsnoi000358ouz41mtfhwf 200 in 4.2s (next.js: 6ms, application-code: 4.2s)
 GET /admin/teaching-assignments 200 in 2.1s (next.js: 6ms, application-code: 2.1s)
 PATCH /api/admin/teaching-assignments/cmrgsnoi000358ouz41mtfhwf 200 in 4.2s (next.js: 12ms, application-code: 4.2s)
 GET /login 200 in 427ms (next.js: 2ms, application-code: 425ms)
 GET /api/auth/providers 200 in 18ms (next.js: 8ms, application-code: 10ms)
 GET /api/auth/csrf 200 in 8ms (next.js: 2ms, application-code: 6ms)
 GET /api/public/system-settings 200 in 217ms (next.js: 1742µs, application-code: 216ms)
 GET /admin/teaching-assignments 200 in 2.4s (next.js: 6ms, application-code: 2.4s)
 POST /api/auth/callback/credentials? 200 in 630ms (next.js: 2ms, application-code: 628ms)
 GET / 200 in 273ms (next.js: 6ms, application-code: 266ms)
 GET / 200 in 371ms (next.js: 2ms, application-code: 369ms)
 GET /admin/dashboard 200 in 629ms (next.js: 4ms, application-code: 625ms)
 GET /admin/dashboard 200 in 716ms (next.js: 3ms, application-code: 713ms)
 POST /api/admin/teaching-assignments 403 in 364ms (next.js: 1864µs, application-code: 363ms)
 PATCH /api/admin/teaching-assignments/cmrgsnoi000358ouz41mtfhwf 200 in 4.4s (next.js: 9ms, application-code: 4.4s)
 POST /api/admin/teacher-substitutions 201 in 2.1s (next.js: 353ms, application-code: 1775ms)
 GET /admin/teaching-assignments 200 in 2.2s (next.js: 7ms, application-code: 2.2s)
 GET /admin/teacher-substitutions 200 in 1747ms (next.js: 81ms, application-code: 1667ms)
 POST /api/admin/teacher-substitutions 409 in 708ms (next.js: 2ms, application-code: 706ms)
 GET /login 200 in 441ms (next.js: 4ms, application-code: 438ms)
 GET /api/auth/providers 200 in 19ms (next.js: 11ms, application-code: 8ms)
 GET /api/auth/csrf 200 in 5ms (next.js: 1557µs, application-code: 3ms)
 GET /api/public/system-settings 200 in 230ms (next.js: 1530µs, application-code: 229ms)
 POST /api/auth/callback/credentials? 200 in 681ms (next.js: 1432µs, application-code: 680ms)
 GET / 200 in 301ms (next.js: 4ms, application-code: 297ms)
 GET / 200 in 364ms (next.js: 4ms, application-code: 361ms)
 GET /teacher/dashboard 200 in 1076ms (next.js: 65ms, application-code: 1012ms)
 GET /teacher/dashboard 200 in 1088ms (next.js: 3ms, application-code: 1084ms)
 GET /teacher/assignments 200 in 1838ms (next.js: 60ms, application-code: 1777ms)
 GET /login 200 in 401ms (next.js: 3ms, application-code: 397ms)
 GET /api/auth/providers 200 in 22ms (next.js: 12ms, application-code: 10ms)
 GET /api/auth/csrf 200 in 9ms (next.js: 1630µs, application-code: 8ms)
 GET /api/public/system-settings 200 in 218ms (next.js: 1410µs, application-code: 216ms)
 POST /api/auth/callback/credentials? 200 in 659ms (next.js: 1743µs, application-code: 658ms)
 GET / 200 in 275ms (next.js: 5ms, application-code: 270ms)
 GET / 200 in 362ms (next.js: 3ms, application-code: 359ms)
 GET /teacher/dashboard 200 in 638ms (next.js: 4ms, application-code: 633ms)
 GET /teacher/dashboard 200 in 720ms (next.js: 3ms, application-code: 718ms)
 GET /teacher/workload 200 in 1048ms (next.js: 67ms, application-code: 981ms)
 GET /admin/teacher-workload 200 in 2.1s (next.js: 92ms, application-code: 2.0s)
 GET /api/admin/teacher-workload/reports?format=csv 200 in 2.2s (next.js: 392ms, application-code: 1811ms)
 GET /login 200 in 433ms (next.js: 2ms, application-code: 430ms)
 GET /api/auth/providers 200 in 19ms (next.js: 11ms, application-code: 8ms)
 GET /api/auth/csrf 200 in 6ms (next.js: 1517µs, application-code: 4ms)
 GET /api/public/system-settings 200 in 232ms (next.js: 2ms, application-code: 230ms)
 POST /api/auth/callback/credentials? 200 in 687ms (next.js: 2ms, application-code: 685ms)
 GET / 200 in 300ms (next.js: 3ms, application-code: 297ms)
 GET / 200 in 402ms (next.js: 2ms, application-code: 399ms)
 GET /teacher/dashboard 200 in 1021ms (next.js: 2ms, application-code: 1019ms)
 GET /teacher/dashboard 200 in 1148ms (next.js: 3ms, application-code: 1145ms)
 POST /api/questions 201 in 1979ms (next.js: 474ms, application-code: 1505ms)
 POST /api/exams 201 in 2.7s (next.js: 745ms, application-code: 1995ms)
 GET /login 200 in 440ms (next.js: 4ms, application-code: 437ms)
 GET /api/auth/providers 200 in 17ms (next.js: 12ms, application-code: 5ms)
 GET /api/auth/csrf 200 in 5ms (next.js: 1978µs, application-code: 3ms)
 GET /api/public/system-settings 200 in 222ms (next.js: 1737µs, application-code: 220ms)
 POST /api/auth/callback/credentials? 200 in 435ms (next.js: 2ms, application-code: 433ms)
 GET / 200 in 247ms (next.js: 2ms, application-code: 245ms)
 GET / 200 in 397ms (next.js: 3ms, application-code: 395ms)
 GET /teacher/dashboard 200 in 634ms (next.js: 5ms, application-code: 629ms)
 GET /teacher/dashboard 200 in 684ms (next.js: 3ms, application-code: 681ms)
 GET /api/exams 200 in 1198ms (next.js: 1842µs, application-code: 1196ms)
 PATCH /api/results/cmrgsoptm000d107xwmuph4jl 200 in 3.6s (next.js: 1072ms, application-code: 2.6s)
 GET /api/socket/token 200 in 602ms (next.js: 468ms, application-code: 134ms)
[Socket] Connected: cmrgsev18000012jx1vnhvoll (TEACHER) - T-7aYVTdZTCkhiC2AAAB
[Socket] Disconnected: cmrgsev18000012jx1vnhvoll - T-7aYVTdZTCkhiC2AAAB
 PATCH /api/results/cmrgsoptm000d107xwmuph4jl 403 in 986ms (next.js: 18ms, application-code: 968ms)
 GET /login 200 in 415ms (next.js: 3ms, application-code: 413ms)
 GET /api/auth/providers 200 in 20ms (next.js: 11ms, application-code: 8ms)
 GET /api/auth/csrf 200 in 6ms (next.js: 2ms, application-code: 3ms)
 GET /api/public/system-settings 200 in 244ms (next.js: 2ms, application-code: 242ms)
 POST /api/auth/callback/credentials? 200 in 671ms (next.js: 2ms, application-code: 669ms)
 GET / 200 in 274ms (next.js: 5ms, application-code: 269ms)
 GET / 200 in 362ms (next.js: 3ms, application-code: 359ms)
 GET /teacher/dashboard 200 in 596ms (next.js: 3ms, application-code: 593ms)
 GET /teacher/dashboard 200 in 714ms (next.js: 6ms, application-code: 708ms)
 POST /api/questions 403 in 543ms (next.js: 4ms, application-code: 539ms)
 GET /api/socket/token 200 in 126ms (next.js: 4ms, application-code: 122ms)
[Socket] Connected: cmrc1y705000sk2kdige0fatw (TEACHER) - wH33RkmOX70Vbt9rAAAD
[Socket] Disconnected: cmrc1y705000sk2kdige0fatw - wH33RkmOX70Vbt9rAAAD
✓ Compiled in 66ms
✓ Compiled in 109ms
✓ Compiled in 56ms
✓ Compiled in 53ms
