[DB] Skipping Prisma db push because AUTO_DB_PUSH is not enabled
Creating turbopack project { dir: 'D:\\Public\\exam-system-online', testMode: true }
[Phase6][Redis] Connecting runtime store to redis://127.0.0.1:57935 (timeout=30000ms)
[Phase6][Redis] Runtime store connected to redis://127.0.0.1:57935
[Phase6] Socket runtime initialized in redis mode (instance=d346c289-4a78-4f2c-a79f-990b4e85461e)

╔════════════════════════════════════════╗
║      ExamFlow Pro is running! 🎓      ║
╠════════════════════════════════════════╣
║  URL:    http://127.0.0.1:3251         ║
║  Mode:   Development              ║
║  Socket: Enabled (ws://127.0.0.1:3251) ║
╚════════════════════════════════════════╝
    
 GET /api/auth/csrf 200 in 1565ms (next.js: 1535ms, application-code: 30ms)
 POST /api/auth/callback/credentials 302 in 703ms (next.js: 8ms, application-code: 695ms)
 GET / 307 in 2.4s (next.js: 1084ms, application-code: 1272ms)
 GET /login 200 in 1032ms (next.js: 47ms, application-code: 985ms)
 GET /api/auth/csrf 200 in 13ms (next.js: 7ms, application-code: 6ms)
 POST /api/auth/callback/credentials 302 in 854ms (next.js: 1943µs, application-code: 852ms)
 GET / 307 in 644ms (next.js: 6ms, application-code: 638ms)
 GET /login 200 in 1513ms (next.js: 2ms, application-code: 1511ms)
 GET /api/auth/csrf 200 in 26ms (next.js: 16ms, application-code: 10ms)
 POST /api/auth/callback/credentials 302 in 664ms (next.js: 4ms, application-code: 660ms)
 GET / 307 in 473ms (next.js: 5ms, application-code: 468ms)
 GET /login 200 in 386ms (next.js: 3ms, application-code: 383ms)
 GET /login 200 in 373ms (next.js: 1758µs, application-code: 371ms)
 GET /api/public/system-settings 200 in 545ms (next.js: 312ms, application-code: 233ms)
 GET /api/auth/providers 200 in 23ms (next.js: 15ms, application-code: 8ms)
 GET /api/auth/csrf 200 in 8ms (next.js: 2ms, application-code: 6ms)
 POST /api/auth/callback/credentials? 200 in 618ms (next.js: 1918µs, application-code: 616ms)
 GET / 200 in 284ms (next.js: 5ms, application-code: 279ms)
 GET / 200 in 1040ms (next.js: 2ms, application-code: 1038ms)
 GET /admin/dashboard 200 in 1668ms (next.js: 496ms, application-code: 1172ms)
 GET /admin/dashboard 200 in 1153ms (next.js: 3ms, application-code: 1150ms)
 GET /login 200 in 449ms (next.js: 4ms, application-code: 446ms)
 GET /api/public/system-settings 200 in 246ms (next.js: 1503µs, application-code: 245ms)
 GET /api/auth/providers 200 in 26ms (next.js: 17ms, application-code: 9ms)
 GET /api/auth/csrf 200 in 7ms (next.js: 3ms, application-code: 4ms)
 POST /api/auth/callback/credentials? 200 in 676ms (next.js: 1430µs, application-code: 675ms)
 GET / 200 in 288ms (next.js: 3ms, application-code: 286ms)
 GET / 200 in 398ms (next.js: 6ms, application-code: 391ms)
 GET /teacher/dashboard 200 in 1411ms (next.js: 99ms, application-code: 1312ms)
 GET /teacher/dashboard 200 in 1441ms (next.js: 5ms, application-code: 1436ms)
 GET /login 200 in 406ms (next.js: 5ms, application-code: 401ms)
 GET /api/public/system-settings 200 in 237ms (next.js: 3ms, application-code: 234ms)
 GET /api/auth/providers 200 in 25ms (next.js: 16ms, application-code: 9ms)
 GET /api/auth/csrf 200 in 6ms (next.js: 1849µs, application-code: 4ms)
 POST /api/auth/callback/credentials? 200 in 668ms (next.js: 1355µs, application-code: 666ms)
 GET / 200 in 315ms (next.js: 5ms, application-code: 310ms)
 GET / 200 in 369ms (next.js: 3ms, application-code: 366ms)
 GET /student/dashboard 200 in 1563ms (next.js: 70ms, application-code: 1493ms)
 GET /student/dashboard 200 in 1490ms (next.js: 4ms, application-code: 1486ms)
 GET /login 200 in 434ms (next.js: 2ms, application-code: 432ms)
 GET /api/public/system-settings 200 in 244ms (next.js: 1455µs, application-code: 242ms)
 GET /api/auth/providers 200 in 23ms (next.js: 19ms, application-code: 4ms)
 GET /api/auth/csrf 200 in 9ms (next.js: 5ms, application-code: 4ms)
 POST /api/auth/callback/credentials? 200 in 639ms (next.js: 1392µs, application-code: 638ms)
 GET / 200 in 295ms (next.js: 5ms, application-code: 290ms)
 GET / 200 in 368ms (next.js: 2ms, application-code: 366ms)
 GET /student/dashboard 200 in 1392ms (next.js: 2ms, application-code: 1389ms)
 GET /student/dashboard 200 in 1422ms (next.js: 5ms, application-code: 1418ms)
 GET /admin/lms 200 in 1430ms (next.js: 657ms, application-code: 773ms)
 POST /api/admin/lms/courses 201 in 3.4s (next.js: 555ms, application-code: 2.9s)
 GET /teacher/lms 200 in 1752ms (next.js: 646ms, application-code: 1106ms)
 POST /api/teacher/lms/lessons/cmrjgto7q0008hgasui20w0q6/materials/upload 201 in 3.0s (next.js: 1202ms, application-code: 1754ms)
 POST /api/teacher/lms/lessons/cmrjgto7q0008hgasui20w0q6/videos 201 in 2.6s (next.js: 1077ms, application-code: 1525ms)
 POST /api/teacher/lms/lessons/cmrjgto7q0008hgasui20w0q6/publish 200 in 4.4s (next.js: 1030ms, application-code: 3.3s)
 POST /api/teacher/lms/lessons/cmrjgto7q0008hgasui20w0q6/live-classes 201 in 4.1s (next.js: 1217ms, application-code: 2.9s)
 GET /student/lms 200 in 2.1s (next.js: 562ms, application-code: 1568ms)
 POST /api/student/lms/videos/cmrjgtvli000chgaseyrj68f6/progress 200 in 2.8s (next.js: 1161ms, application-code: 1654ms)
 POST /api/student/lms/videos/cmrjgtvli000chgaseyrj68f6/progress 200 in 1679ms (next.js: 6ms, application-code: 1673ms)
 POST /api/student/lms/live-classes/cmrjgu137000ihgasdk2iz1jb/join 200 in 2.7s (next.js: 1279ms, application-code: 1451ms)
 POST /api/student/lms/lessons/cmrjgto7q0008hgasui20w0q6/progress 200 in 2.3s (next.js: 1004ms, application-code: 1254ms)
 POST /api/student/lms/discussions 201 in 2.1s (next.js: 431ms, application-code: 1677ms)
 POST /api/student/lms/discussions/cmrjgudc00012hgas1n5ifwlg/replies 201 in 3.3s (next.js: 1161ms, application-code: 2.2s)
 GET /student/lms/cmrjgtnox0002hgaskh6bjez1 200 in 3.6s (next.js: 856ms, application-code: 2.7s)
