[DB] Skipping Prisma db push because AUTO_DB_PUSH is not enabled
Creating turbopack project { dir: 'D:\\Public\\exam-system-online', testMode: true }
[Phase6][Redis] Connecting runtime store to redis://127.0.0.1:61995 (timeout=30000ms)
[Phase6][Redis] Runtime store connected to redis://127.0.0.1:61995
[Phase6] Socket runtime initialized in redis mode (instance=7556f426-457d-4f50-85de-1249c5988fce)

╔════════════════════════════════════════╗
║      ExamFlow Pro is running! 🎓      ║
╠════════════════════════════════════════╣
║  URL:    http://127.0.0.1:3249         ║
║  Mode:   Development              ║
║  Socket: Enabled (ws://127.0.0.1:3249) ║
╚════════════════════════════════════════╝
    
 GET /api/auth/csrf 200 in 1732ms (next.js: 1704ms, application-code: 29ms)
 POST /api/auth/callback/credentials 302 in 704ms (next.js: 8ms, application-code: 696ms)
 GET / 307 in 2.3s (next.js: 955ms, application-code: 1340ms)
 GET /login 200 in 844ms (next.js: 70ms, application-code: 774ms)
 GET /api/auth/csrf 200 in 20ms (next.js: 11ms, application-code: 9ms)
 POST /api/auth/callback/credentials 302 in 639ms (next.js: 2ms, application-code: 637ms)
 GET / 307 in 403ms (next.js: 4ms, application-code: 399ms)
 GET /login 200 in 960ms (next.js: 5ms, application-code: 955ms)
 GET /api/auth/csrf 200 in 19ms (next.js: 10ms, application-code: 9ms)
 POST /api/auth/callback/credentials 302 in 644ms (next.js: 4ms, application-code: 640ms)
 GET / 307 in 406ms (next.js: 5ms, application-code: 401ms)
 GET /login 200 in 391ms (next.js: 2ms, application-code: 389ms)
 GET /login 200 in 401ms (next.js: 1769µs, application-code: 400ms)
 GET /api/public/system-settings 200 in 575ms (next.js: 351ms, application-code: 224ms)
 GET /api/auth/providers 200 in 33ms (next.js: 20ms, application-code: 13ms)
 GET /api/auth/csrf 200 in 8ms (next.js: 4ms, application-code: 4ms)
 POST /api/auth/callback/credentials? 200 in 593ms (next.js: 1529µs, application-code: 591ms)
 GET / 200 in 288ms (next.js: 4ms, application-code: 284ms)
 GET / 200 in 923ms (next.js: 3ms, application-code: 920ms)
 GET /admin/dashboard 200 in 1026ms (next.js: 3ms, application-code: 1023ms)
 GET /admin/dashboard 200 in 1647ms (next.js: 490ms, application-code: 1157ms)
 GET /login 200 in 422ms (next.js: 2ms, application-code: 420ms)
 GET /api/public/system-settings 200 in 223ms (next.js: 1484µs, application-code: 221ms)
 GET /api/auth/providers 200 in 17ms (next.js: 10ms, application-code: 7ms)
 GET /api/auth/csrf 200 in 6ms (next.js: 1893µs, application-code: 4ms)
 POST /api/auth/callback/credentials? 200 in 631ms (next.js: 1754µs, application-code: 630ms)
 GET / 200 in 252ms (next.js: 4ms, application-code: 247ms)
 GET / 200 in 341ms (next.js: 4ms, application-code: 338ms)
 GET /student/dashboard 200 in 1415ms (next.js: 68ms, application-code: 1347ms)
 GET /student/dashboard 200 in 1477ms (next.js: 4ms, application-code: 1473ms)
 GET /login 200 in 435ms (next.js: 6ms, application-code: 428ms)
 GET /api/public/system-settings 200 in 248ms (next.js: 1677µs, application-code: 246ms)
 GET /api/auth/providers 200 in 27ms (next.js: 17ms, application-code: 10ms)
 GET /api/auth/csrf 200 in 8ms (next.js: 3ms, application-code: 5ms)
 POST /api/auth/callback/credentials? 200 in 706ms (next.js: 1867µs, application-code: 704ms)
 GET / 200 in 305ms (next.js: 5ms, application-code: 300ms)
 GET / 200 in 374ms (next.js: 6ms, application-code: 368ms)
 GET /student/dashboard 200 in 1319ms (next.js: 4ms, application-code: 1315ms)
 GET /student/dashboard 200 in 1522ms (next.js: 6ms, application-code: 1515ms)
 GET /admin/results-enterprise 200 in 843ms (next.js: 76ms, application-code: 767ms)
 POST /api/admin/results-enterprise/gradebooks 201 in 1598ms (next.js: 467ms, application-code: 1132ms)
 PATCH /api/admin/results-enterprise/gradebooks/cmrjfjt460001odlbpate7fc0 200 in 2.1s (next.js: 1104ms, application-code: 1007ms)
 POST /api/admin/results-enterprise/gradebooks/cmrjfjt460001odlbpate7fc0/calculate 200 in 7.5s (next.js: 1020ms, application-code: 6.5s)
 POST /api/admin/results-enterprise/results/cmrjfjxno0009odlb1nndbfne/transition 200 in 3.3s (next.js: 1102ms, application-code: 2.2s)
 POST /api/admin/results-enterprise/results/cmrjfjxno0009odlb1nndbfne/transition 200 in 2.2s (next.js: 15ms, application-code: 2.2s)
 POST /api/admin/results-enterprise/results/cmrjfjxno0009odlb1nndbfne/transition 200 in 2.2s (next.js: 14ms, application-code: 2.2s)
 POST /api/admin/results-enterprise/results/cmrjfjxno0009odlb1nndbfne/transition 200 in 2.7s (next.js: 18ms, application-code: 2.7s)
 GET /api/student/results-enterprise 200 in 1530ms (next.js: 548ms, application-code: 982ms)
 POST /api/admin/results-enterprise/students/cmrhdzsao000bwhz5n1waw7db/transcript 200 in 3.3s (next.js: 1111ms, application-code: 2.2s)
 GET /student/transcripts 200 in 744ms (next.js: 58ms, application-code: 686ms)
 GET /api/public/records/verify?code=TRX-mrjfkcm6-ef41886f 200 in 631ms (next.js: 307ms, application-code: 325ms)
 POST /api/admin/results-enterprise/students/cmrhdzsao000bwhz5n1waw7db/marksheet 200 in 2.8s (next.js: 1014ms, application-code: 1763ms)
 POST /api/student/results-enterprise/appeals 201 in 1403ms (next.js: 433ms, application-code: 971ms)
 PATCH /api/admin/results-enterprise/appeals/cmrjfkhet000vodlb6plpcpuc 200 in 1955ms (next.js: 1032ms, application-code: 923ms)
 POST /api/admin/results-enterprise/students/cmrhdzsao000bwhz5n1waw7db/graduation 201 in 3.3s (next.js: 952ms, application-code: 2.3s)
 POST /api/admin/results-enterprise/students/cmrhdzsao000bwhz5n1waw7db/graduation 200 in 1460ms (next.js: 13ms, application-code: 1448ms)
 POST /api/admin/results-enterprise/students/cmrhdzsao000bwhz5n1waw7db/graduation 200 in 2.9s (next.js: 10ms, application-code: 2.9s)
 POST /api/admin/results-enterprise/students/cmrhdzsao000bwhz5n1waw7db/certificate 200 in 2.3s (next.js: 935ms, application-code: 1315ms)
 GET /student/certificates 200 in 1002ms (next.js: 439ms, application-code: 564ms)
 GET /api/student/transcripts/cmrjfkcmd000rodlbmh3yzg6i 200 in 1446ms (next.js: 993ms, application-code: 453ms)
 GET /api/student/certificates/cmrjfkr0w0012odlbr356zx5m 200 in 1477ms (next.js: 1020ms, application-code: 458ms)
 GET /api/public/records/verify?code=VC-mrjfkr0p-4ff3c2e1 200 in 333ms (next.js: 3ms, application-code: 329ms)
 GET /api/admin/results-enterprise/analytics?departmentId=cmrc1y4pr000ck2kd4d7vqcwq 200 in 1475ms (next.js: 558ms, application-code: 917ms)
 GET /api/admin/results-enterprise/analytics?departmentId=cmrc1y4pr000ck2kd4d7vqcwq&format=csv 200 in 890ms (next.js: 5ms, application-code: 885ms)
 GET /api/admin/results-enterprise/analytics?departmentId=cmrc1y4pr000ck2kd4d7vqcwq&format=pdf 200 in 901ms (next.js: 4ms, application-code: 897ms)
 GET /api/admin/results-enterprise/analytics?departmentId=cmrc1y4pr000ck2kd4d7vqcwq 403 in 240ms (next.js: 5ms, application-code: 236ms)
 POST /api/admin/results-enterprise/students/cmrhdzsao000bwhz5n1waw7db/degree-audit 201 in 2.9s (next.js: 1118ms, application-code: 1774ms)
