[DB] Skipping Prisma db push because AUTO_DB_PUSH is not enabled
Creating turbopack project { dir: 'D:\\Public\\exam-system-online', testMode: true }
[Phase6][Redis] Connecting runtime store to redis://127.0.0.1:59383 (timeout=30000ms)
[Phase6][Redis] Runtime store connected to redis://127.0.0.1:59383
[Phase6] Socket runtime initialized in redis mode (instance=a7fbf79e-176b-4e33-b8f5-a5fde3d5cb20)

╔════════════════════════════════════════╗
║      ExamFlow Pro is running! 🎓      ║
╠════════════════════════════════════════╣
║  URL:    http://127.0.0.1:3228         ║
║  Mode:   Development              ║
║  Socket: Enabled (ws://127.0.0.1:3228) ║
╚════════════════════════════════════════╝
    
 GET /api/auth/csrf 200 in 3.0s (next.js: 2.9s, application-code: 87ms)
 POST /api/auth/callback/credentials 302 in 938ms (next.js: 13ms, application-code: 925ms)
 GET / 307 in 4.2s (next.js: 2.5s, application-code: 1694ms)
 GET /login 200 in 1690ms (next.js: 180ms, application-code: 1510ms)
 GET /api/auth/csrf 200 in 19ms (next.js: 12ms, application-code: 7ms)
 POST /api/auth/callback/credentials 302 in 699ms (next.js: 4ms, application-code: 695ms)
 GET / 307 in 430ms (next.js: 3ms, application-code: 427ms)
 GET /login 200 in 991ms (next.js: 3ms, application-code: 987ms)
 GET /api/auth/csrf 200 in 26ms (next.js: 14ms, application-code: 12ms)
 POST /api/auth/callback/credentials 302 in 681ms (next.js: 6ms, application-code: 675ms)
 GET / 307 in 401ms (next.js: 5ms, application-code: 396ms)
 GET /login 200 in 449ms (next.js: 3ms, application-code: 446ms)
 GET /api/auth/csrf 200 in 18ms (next.js: 12ms, application-code: 6ms)
 POST /api/auth/callback/credentials 302 in 656ms (next.js: 3ms, application-code: 653ms)
 GET / 307 in 410ms (next.js: 5ms, application-code: 405ms)
 GET /login 200 in 401ms (next.js: 3ms, application-code: 398ms)
 GET /api/auth/csrf 200 in 17ms (next.js: 10ms, application-code: 7ms)
 POST /api/auth/callback/credentials 302 in 687ms (next.js: 3ms, application-code: 684ms)
 GET / 307 in 425ms (next.js: 3ms, application-code: 422ms)
 GET /login 200 in 444ms (next.js: 4ms, application-code: 440ms)
 GET /api/auth/csrf 200 in 19ms (next.js: 10ms, application-code: 9ms)
 POST /api/auth/callback/credentials 302 in 696ms (next.js: 4ms, application-code: 692ms)
 GET / 307 in 406ms (next.js: 7ms, application-code: 399ms)
 GET /login 200 in 432ms (next.js: 3ms, application-code: 428ms)
 GET /api/auth/csrf 200 in 19ms (next.js: 12ms, application-code: 7ms)
 POST /api/auth/callback/credentials 302 in 659ms (next.js: 4ms, application-code: 654ms)
 GET / 307 in 454ms (next.js: 5ms, application-code: 449ms)
 GET /login 200 in 479ms (next.js: 9ms, application-code: 470ms)
 GET /login 200 in 451ms (next.js: 3ms, application-code: 448ms)
 GET /api/public/system-settings 200 in 1184ms (next.js: 954ms, application-code: 230ms)
 GET /api/auth/providers 200 in 32ms (next.js: 20ms, application-code: 12ms)
 GET /api/auth/csrf 200 in 15ms (next.js: 7ms, application-code: 8ms)
 POST /api/auth/callback/credentials? 200 in 740ms (next.js: 5ms, application-code: 735ms)
 GET / 200 in 377ms (next.js: 9ms, application-code: 368ms)
 GET / 200 in 915ms (next.js: 7ms, application-code: 908ms)
 GET /admin/dashboard 200 in 1070ms (next.js: 6ms, application-code: 1064ms)
 GET /admin/dashboard 200 in 2.3s (next.js: 1091ms, application-code: 1173ms)
 GET /login 200 in 486ms (next.js: 4ms, application-code: 482ms)
 GET /api/public/system-settings 200 in 233ms (next.js: 3ms, application-code: 231ms)
 GET /api/auth/providers 200 in 20ms (next.js: 13ms, application-code: 7ms)
 GET /api/auth/csrf 200 in 8ms (next.js: 3ms, application-code: 5ms)
 POST /api/auth/callback/credentials? 200 in 662ms (next.js: 3ms, application-code: 659ms)
 GET / 200 in 295ms (next.js: 17ms, application-code: 278ms)
 GET / 200 in 403ms (next.js: 5ms, application-code: 398ms)
 GET /teacher/dashboard 200 in 1439ms (next.js: 262ms, application-code: 1178ms)
 GET /teacher/dashboard 200 in 1264ms (next.js: 18ms, application-code: 1246ms)
 GET /login 200 in 485ms (next.js: 6ms, application-code: 479ms)
 GET /api/public/system-settings 200 in 244ms (next.js: 3ms, application-code: 241ms)
 GET /api/auth/providers 200 in 16ms (next.js: 11ms, application-code: 5ms)
 GET /api/auth/csrf 200 in 7ms (next.js: 3ms, application-code: 5ms)
 POST /api/auth/callback/credentials? 200 in 691ms (next.js: 2ms, application-code: 688ms)
 GET / 200 in 355ms (next.js: 12ms, application-code: 344ms)
 GET / 200 in 503ms (next.js: 13ms, application-code: 489ms)
 GET /student/dashboard 200 in 1619ms (next.js: 216ms, application-code: 1404ms)
 GET /student/dashboard 200 in 1443ms (next.js: 5ms, application-code: 1439ms)
 GET /login 200 in 509ms (next.js: 7ms, application-code: 502ms)
 GET /api/public/system-settings 200 in 241ms (next.js: 4ms, application-code: 237ms)
 GET /api/auth/providers 200 in 21ms (next.js: 16ms, application-code: 6ms)
 GET /api/auth/csrf 200 in 8ms (next.js: 3ms, application-code: 5ms)
 POST /api/auth/callback/credentials? 200 in 671ms (next.js: 2ms, application-code: 668ms)
 GET / 200 in 328ms (next.js: 22ms, application-code: 306ms)
 GET / 200 in 384ms (next.js: 9ms, application-code: 375ms)
 GET /student/dashboard 200 in 774ms (next.js: 6ms, application-code: 768ms)
 GET /student/dashboard 200 in 779ms (next.js: 15ms, application-code: 764ms)
 GET /login 200 in 491ms (next.js: 8ms, application-code: 483ms)
 GET /api/public/system-settings 200 in 235ms (next.js: 6ms, application-code: 229ms)
 GET /api/auth/providers 200 in 26ms (next.js: 18ms, application-code: 8ms)
 GET /api/auth/csrf 200 in 9ms (next.js: 3ms, application-code: 6ms)
 POST /api/auth/callback/credentials? 200 in 663ms (next.js: 3ms, application-code: 660ms)
 GET / 200 in 285ms (next.js: 6ms, application-code: 280ms)
 GET / 200 in 393ms (next.js: 9ms, application-code: 384ms)
 GET /student/dashboard 200 in 1558ms (next.js: 9ms, application-code: 1549ms)
 GET /student/dashboard 200 in 1599ms (next.js: 8ms, application-code: 1591ms)
 POST /api/admin/exam-duty-assignments 201 in 1677ms (next.js: 1088ms, application-code: 590ms)
 POST /api/admin/exam-duty-assignments 201 in 587ms (next.js: 4ms, application-code: 583ms)
 GET /admin/exam-venues 200 in 1237ms (next.js: 130ms, application-code: 1107ms)
 POST /api/admin/exam-campuses 201 in 1372ms (next.js: 795ms, application-code: 577ms)
 POST /api/admin/exam-buildings 201 in 1468ms (next.js: 793ms, application-code: 676ms)
 POST /api/admin/exam-rooms 201 in 1506ms (next.js: 787ms, application-code: 719ms)
 POST /api/admin/exam-rooms 201 in 670ms (next.js: 3ms, application-code: 666ms)
 PATCH /api/admin/exam-rooms/cmrjdbyc500091jok0anrm87w 200 in 3.0s (next.js: 1734ms, application-code: 1236ms)
 POST /api/admin/exam-calendar 201 in 1409ms (next.js: 830ms, application-code: 580ms)
 POST /api/admin/exam-holidays 201 in 1547ms (next.js: 871ms, application-code: 676ms)
 GET /admin/exam-calendar 200 in 1135ms (next.js: 166ms, application-code: 969ms)
 POST /api/admin/exam-scheduling-sessions 201 in 1653ms (next.js: 1048ms, application-code: 606ms)
 PATCH /api/admin/exam-scheduling-sessions/cmrjdc67a000j1jokt9hfo7tv 409 in 2.5s (next.js: 2.1s, application-code: 371ms)
 PATCH /api/admin/exam-scheduling-sessions/cmrjdc67a000j1jokt9hfo7tv 200 in 1200ms (next.js: 15ms, application-code: 1185ms)
 POST /api/admin/exam-scheduling-sessions/cmrjdc67a000j1jokt9hfo7tv/generate 500 in 3.6s (next.js: 1914ms, application-code: 1660ms)
 POST /api/admin/exam-scheduling-sessions/cmrjdc67a000j1jokt9hfo7tv/generate 200 in 6.0s (next.js: 16ms, application-code: 6.0s)
 POST /api/admin/exam-schedule-items 201 in 2.1s (next.js: 1198ms, application-code: 929ms)
 GET /admin/exam-scheduling 200 in 1480ms (next.js: 167ms, application-code: 1313ms)
 POST /api/admin/exam-schedule-items/cmrjdcg8h000o1jokl9zxnt1g/seat-plan 200 in 4.0s (next.js: 1669ms, application-code: 2.3s)
 PATCH /api/admin/exam-scheduling-sessions/cmrjdc67a000j1jokt9hfo7tv 200 in 3.6s (next.js: 23ms, application-code: 3.6s)
 POST /api/admin/exam-schedule-items/cmrjdcg8h000o1jokl9zxnt1g/invigilators 201 in 2.5s (next.js: 1676ms, application-code: 788ms)
 GET /api/student/admit-cards 200 in 1534ms (next.js: 1067ms, application-code: 466ms)
 PATCH /api/admin/exam-scheduling-sessions/cmrjdc67a000j1jokt9hfo7tv 200 in 3.4s (next.js: 22ms, application-code: 3.4s)
 GET /api/student/admit-cards 200 in 1111ms (next.js: 9ms, application-code: 1103ms)
 GET /api/student/admit-cards/cmrjdcp1j00141jokivr432b6 200 in 4.9s (next.js: 1643ms, application-code: 3.2s)
 GET /api/student/admit-cards/cmrjdcp1j00141jokivr432b6 403 in 702ms (next.js: 32ms, application-code: 670ms)
 POST /api/admin/exam-admit-cards/cmrjdcp1j00141jokivr432b6/regenerate 200 in 4.0s (next.js: 1643ms, application-code: 2.3s)
 GET /api/teacher/invigilation/verify?token=QR-zxnt1g-waw7db-1&scheduleItemId=cmrjdcg8h000o1jokl9zxnt1g 200 in 2.8s (next.js: 1447ms, application-code: 1400ms)
 GET /api/teacher/invigilation/verify?token=invalid-phase8-token&scheduleItemId=cmrjdcg8h000o1jokl9zxnt1g 404 in 228ms (next.js: 10ms, application-code: 218ms)
 POST /api/admin/exam-schedule-items/cmrjdcg8h000o1jokl9zxnt1g/attendance 200 in 2.9s (next.js: 1573ms, application-code: 1331ms)
 POST /api/admin/exam-schedule-items/cmrjdcg8h000o1jokl9zxnt1g/attendance 200 in 1566ms (next.js: 25ms, application-code: 1541ms)
 POST /api/admin/exam-schedule-items/cmrjdcg8h000o1jokl9zxnt1g/incidents 201 in 2.0s (next.js: 1059ms, application-code: 962ms)
 POST /api/admin/exam-schedule-items/cmrjdcg8h000o1jokl9zxnt1g/incidents 200 in 1292ms (next.js: 12ms, application-code: 1280ms)
 POST /api/admin/exam-schedule-items/cmrjdcg8h000o1jokl9zxnt1g/incidents 200 in 1215ms (next.js: 27ms, application-code: 1188ms)
 GET /api/admin/exam-reports?departmentId=cmrc1y4pr000ck2kd4d7vqcwq&schedulingSessionId=cmrjdc67a000j1jokt9hfo7tv&format=csv&type=room-utilization 200 in 2.6s (next.js: 1363ms, application-code: 1190ms)
 GET /api/admin/exam-reports?departmentId=cmrc1y4pr000ck2kd4d7vqcwq&schedulingSessionId=cmrjdc67a000j1jokt9hfo7tv&format=pdf&type=attendance 200 in 1194ms (next.js: 4ms, application-code: 1190ms)
 GET /api/admin/exam-scheduling-sessions?departmentId=cmrc1y4pr000ck2kd4d7vqcwq 200 in 350ms (next.js: 9ms, application-code: 341ms)
 GET /api/admin/exam-reports 403 in 24ms (next.js: 12ms, application-code: 12ms)
 PATCH /api/admin/exam-scheduling-sessions/cmrjdc67a000j1jokt9hfo7tv 200 in 1301ms (next.js: 63ms, application-code: 1238ms)
 PATCH /api/admin/exam-scheduling-sessions/cmrjdc67a000j1jokt9hfo7tv 200 in 1251ms (next.js: 15ms, application-code: 1236ms)
 GET /api/socket/token 200 in 1498ms (next.js: 1368ms, application-code: 130ms)
[Socket] Connected: cmrc1y6pb000rk2kdns7tepny (TEACHER) - hbCrwRih4zYFFeTJAAAB
 GET /teacher/exams/cmrjdao5d003tfc4vruw9ygsz/live 200 in 2.1s (next.js: 412ms, application-code: 1693ms)
 GET /api/socket/token 200 in 1007ms (next.js: 2ms, application-code: 1004ms)
[Socket] Connected: cmrc1y6pb000rk2kdns7tepny (TEACHER) - nPScIIXbjwai97bDAAAD
 GET /api/exams/cmrjdao5d003tfc4vruw9ygsz 200 in 3.3s (next.js: 1713ms, application-code: 1599ms)
 GET /student/exams/cmrjdao5d003tfc4vruw9ygsz/attempt 200 in 1591ms (next.js: 518ms, application-code: 1073ms)
 GET /api/exams/cmrjdao5d003tfc4vruw9ygsz?withQuestions=true 200 in 2.7s (next.js: 10ms, application-code: 2.7s)
 GET /api/socket/token 200 in 193ms (next.js: 3ms, application-code: 190ms)
[Socket] Connected: cmrhdzq7d0002whz58rqdkwy3 (STUDENT) - j4aoEhy706Ztb0oWAAAF
[Socket] Disconnected: cmrc1y6pb000rk2kdns7tepny - nPScIIXbjwai97bDAAAD
 GET /teacher/invigilation 200 in 2.3s (next.js: 129ms, application-code: 2.2s)
[Socket] Disconnected: cmrc1y6pb000rk2kdns7tepny - hbCrwRih4zYFFeTJAAAB
[Socket] Disconnected: cmrhdzq7d0002whz58rqdkwy3 - j4aoEhy706Ztb0oWAAAF
