[DB] Skipping Prisma db push because AUTO_DB_PUSH is not enabled
Creating turbopack project { dir: 'D:\\Public\\exam-system-online', testMode: true }
[Phase6][Redis] Connecting runtime store to redis://127.0.0.1:51601 (timeout=30000ms)
[Phase6][Redis] Runtime store connected to redis://127.0.0.1:51601
[Phase6] Socket runtime initialized in redis mode (instance=4ab7f297-5c73-4398-93c9-293551a1e974)

╔════════════════════════════════════════╗
║      ExamFlow Pro is running! 🎓      ║
╠════════════════════════════════════════╣
║  URL:    http://127.0.0.1:3266         ║
║  Mode:   Development              ║
║  Socket: Enabled (ws://127.0.0.1:3266) ║
╚════════════════════════════════════════╝
    
 GET /api/auth/csrf 200 in 1803ms (next.js: 1771ms, application-code: 32ms)
 POST /api/auth/callback/credentials 302 in 648ms (next.js: 7ms, application-code: 641ms)
 GET / 307 in 4.7s (next.js: 3.3s, application-code: 1409ms)
 GET /login 200 in 1273ms (next.js: 458ms, application-code: 815ms)
 GET /api/auth/csrf 200 in 16ms (next.js: 9ms, application-code: 7ms)
 POST /api/auth/callback/credentials 302 in 728ms (next.js: 2ms, application-code: 725ms)
 GET / 307 in 563ms (next.js: 6ms, application-code: 557ms)
 GET /login 200 in 1025ms (next.js: 2ms, application-code: 1022ms)
 GET /login 200 in 492ms (next.js: 4ms, application-code: 488ms)
 GET /api/public/system-settings 200 in 617ms (next.js: 369ms, application-code: 248ms)
 GET /api/auth/providers 200 in 15ms (next.js: 10ms, application-code: 5ms)
 GET /api/auth/csrf 200 in 7ms (next.js: 1722µs, application-code: 5ms)
 POST /api/auth/callback/credentials? 200 in 610ms (next.js: 2ms, application-code: 608ms)
 GET / 200 in 272ms (next.js: 2ms, application-code: 270ms)
 GET / 200 in 964ms (next.js: 3ms, application-code: 960ms)
 GET /teacher/dashboard 200 in 2.2s (next.js: 823ms, application-code: 1386ms)
 GET /teacher/dashboard 200 in 1360ms (next.js: 3ms, application-code: 1357ms)
 GET /login 200 in 455ms (next.js: 3ms, application-code: 452ms)
 GET /api/public/system-settings 200 in 267ms (next.js: 2ms, application-code: 265ms)
 GET /api/auth/providers 200 in 28ms (next.js: 16ms, application-code: 12ms)
 GET /api/auth/csrf 200 in 8ms (next.js: 3ms, application-code: 5ms)
 POST /api/auth/callback/credentials? 200 in 713ms (next.js: 1511µs, application-code: 711ms)
 GET / 200 in 331ms (next.js: 6ms, application-code: 325ms)
 GET / 200 in 413ms (next.js: 2ms, application-code: 411ms)
 GET /teacher/dashboard 200 in 681ms (next.js: 2ms, application-code: 679ms)
 GET /login 200 in 458ms (next.js: 3ms, application-code: 455ms)
 GET /teacher/dashboard 200 in 1306ms (next.js: 4ms, application-code: 1302ms)
 GET /api/public/system-settings 200 in 252ms (next.js: 1543µs, application-code: 251ms)
 GET /api/auth/providers 200 in 25ms (next.js: 17ms, application-code: 8ms)
 GET /api/auth/csrf 200 in 7ms (next.js: 2ms, application-code: 4ms)
 POST /api/auth/callback/credentials? 200 in 694ms (next.js: 3ms, application-code: 691ms)
 GET / 200 in 300ms (next.js: 5ms, application-code: 295ms)
 GET / 200 in 459ms (next.js: 6ms, application-code: 454ms)
 GET /student/dashboard 200 in 2.0s (next.js: 446ms, application-code: 1571ms)
 GET /student/dashboard 200 in 1547ms (next.js: 5ms, application-code: 1542ms)
 GET /login 200 in 471ms (next.js: 2ms, application-code: 469ms)
 GET /api/public/system-settings 200 in 265ms (next.js: 1496µs, application-code: 263ms)
 GET /api/auth/providers 200 in 27ms (next.js: 18ms, application-code: 9ms)
 GET /api/auth/csrf 200 in 9ms (next.js: 5ms, application-code: 4ms)
 POST /api/auth/callback/credentials? 200 in 663ms (next.js: 2ms, application-code: 660ms)
 GET / 200 in 320ms (next.js: 7ms, application-code: 313ms)
 GET / 200 in 389ms (next.js: 4ms, application-code: 386ms)
 GET /student/dashboard 200 in 1513ms (next.js: 2ms, application-code: 1511ms)
 GET /student/dashboard 200 in 1575ms (next.js: 6ms, application-code: 1569ms)
 GET /login 200 in 437ms (next.js: 3ms, application-code: 434ms)
 GET /api/public/system-settings 200 in 262ms (next.js: 3ms, application-code: 259ms)
 GET /api/auth/providers 200 in 19ms (next.js: 14ms, application-code: 5ms)
 GET /api/auth/csrf 200 in 5ms (next.js: 2ms, application-code: 3ms)
 POST /api/auth/callback/credentials? 200 in 685ms (next.js: 1634µs, application-code: 683ms)
 GET / 200 in 310ms (next.js: 3ms, application-code: 307ms)
 GET / 200 in 402ms (next.js: 2ms, application-code: 400ms)
 GET /student/dashboard 200 in 1556ms (next.js: 6ms, application-code: 1550ms)
 GET /student/dashboard 200 in 1623ms (next.js: 6ms, application-code: 1618ms)
 GET /login 200 in 480ms (next.js: 1976µs, application-code: 479ms)
 GET /api/public/system-settings 200 in 266ms (next.js: 1603µs, application-code: 265ms)
 GET /api/auth/providers 200 in 24ms (next.js: 14ms, application-code: 10ms)
 GET /api/auth/csrf 200 in 10ms (next.js: 6ms, application-code: 4ms)
 POST /api/auth/callback/credentials? 200 in 709ms (next.js: 3ms, application-code: 706ms)
 GET / 200 in 305ms (next.js: 7ms, application-code: 298ms)
 GET / 200 in 405ms (next.js: 3ms, application-code: 402ms)
 GET /student/dashboard 200 in 1521ms (next.js: 1844µs, application-code: 1519ms)
 GET /student/dashboard 200 in 1551ms (next.js: 2ms, application-code: 1549ms)
 GET /student/coursework/cmrkoyuyl000514d4z1oe3ako/submit 200 in 2.8s (next.js: 705ms, application-code: 2.1s)
 POST /api/student/coursework/publications/cmrkoyuyl000514d4z1oe3ako/attempts 201 in 13.0s (next.js: 2.4s, application-code: 10.6s)
 POST /api/student/coursework/publications/cmrkoyuyl000514d4z1oe3ako/attempts 201 in 13.4s (next.js: 2.6s, application-code: 10.8s)
 GET /student/coursework/cmrkoyuyl000514d4z1oe3ako/submit 200 in 2.8s (next.js: 13ms, application-code: 2.8s)
 GET /teacher/coursework/submissions 200 in 3.6s (next.js: 398ms, application-code: 3.2s)
 GET /teacher/coursework/submissions 200 in 3.2s (next.js: 2ms, application-code: 3.2s)
 PATCH /api/teacher/coursework/ai-reviews/cmrkp01xi000pny3ti2ifnfx7 200 in 5.1s (next.js: 1295ms, application-code: 3.8s)
 GET /student/coursework/cmrkoyuyl000514d4z1oe3ako/history 200 in 3.9s (next.js: 766ms, application-code: 3.1s)
 GET /student/coursework/cmrkoyuyl000514d4z1oe3ako 200 in 4.2s (next.js: 793ms, application-code: 3.4s)
 GET /student/coursework/cmrkoyuyl000514d4z1oe3ako/submit 200 in 3.1s (next.js: 18ms, application-code: 3.0s)
 GET /teacher/coursework/submissions 200 in 3.3s (next.js: 7ms, application-code: 3.3s)
 GET /teacher/coursework/submissions 200 in 3.2s (next.js: 6ms, application-code: 3.2s)
 GET /student/coursework/cmrkoyuyl000514d4z1oe3ako/history 200 in 2.9s (next.js: 19ms, application-code: 2.9s)
 GET /student/coursework/cmrkoyuyl000514d4z1oe3ako/history 200 in 3.1s (next.js: 18ms, application-code: 3.1s)
