[DB] Skipping Prisma db push because AUTO_DB_PUSH is not enabled
Creating turbopack project { dir: 'D:\\Public\\exam-system-online', testMode: true }

╔════════════════════════════════════════╗
║      ExamFlow Pro is running! 🎓      ║
╠════════════════════════════════════════╣
║  URL:    http://localhost:3000         ║
║  Mode:   Development              ║
║  Socket: Enabled (ws://localhost:3000) ║
╚════════════════════════════════════════╝
    
 GET /login 200 in 3.9s (next.js: 3.2s, application-code: 731ms)
 GET /login 200 in 464ms (next.js: 17ms, application-code: 447ms)
 GET /login 200 in 402ms (next.js: 2ms, application-code: 400ms)
 GET /login 200 in 427ms (next.js: 3ms, application-code: 424ms)
 GET /login?email=admin%40examflow.pro&password=Admin%40123 200 in 424ms (next.js: 3ms, application-code: 421ms)
 GET /login 200 in 452ms (next.js: 3ms, application-code: 450ms)
 GET /login?email=admin%40examflow.pro&password=Admin%40123 200 in 446ms (next.js: 3ms, application-code: 443ms)
 GET /login 200 in 389ms (next.js: 2ms, application-code: 386ms)
 GET /login?email=admin%40examflow.pro&password=Admin%40123 200 in 437ms (next.js: 3ms, application-code: 434ms)
 GET /login 200 in 431ms (next.js: 2ms, application-code: 428ms)
 GET /login?email=cse.admin%40examflow.pro&password=Admin%40123 200 in 436ms (next.js: 3ms, application-code: 434ms)
 GET /login 200 in 956ms (next.js: 2ms, application-code: 953ms)
 GET /login?email=teacher.john%40examflow.pro&password=Teacher%40123 200 in 437ms (next.js: 2ms, application-code: 435ms)
 GET /login 200 in 392ms (next.js: 2ms, application-code: 390ms)
 GET /login?email=alice%40student.examflow.pro&password=Student%40123 200 in 365ms (next.js: 1856µs, application-code: 363ms)
 GET /login 200 in 425ms (next.js: 1980µs, application-code: 423ms)
 GET /login 200 in 399ms (next.js: 2ms, application-code: 397ms)
 GET /login 200 in 403ms (next.js: 2ms, application-code: 401ms)
 GET /login 200 in 402ms (next.js: 1992µs, application-code: 400ms)
 GET /login 200 in 381ms (next.js: 1893µs, application-code: 379ms)
 GET /login 200 in 492ms (next.js: 2ms, application-code: 490ms)
 GET /login 200 in 391ms (next.js: 3ms, application-code: 388ms)
 GET /login 200 in 411ms (next.js: 1945µs, application-code: 409ms)
 GET /login 200 in 419ms (next.js: 3ms, application-code: 416ms)
 GET /login 200 in 412ms (next.js: 4ms, application-code: 408ms)
 GET /login 200 in 376ms (next.js: 1684µs, application-code: 375ms)
 GET /login 200 in 398ms (next.js: 5ms, application-code: 394ms)
 GET /api/auth/csrf 200 in 1627ms (next.js: 1602ms, application-code: 25ms)
 POST /api/auth/callback/credentials 302 in 671ms (next.js: 7ms, application-code: 664ms)
 GET / 307 in 1351ms (next.js: 860ms, application-code: 491ms)
 GET /login 200 in 385ms (next.js: 1802µs, application-code: 383ms)
 GET /api/auth/session 200 in 130ms (next.js: 9ms, application-code: 122ms)
 GET /api/auth/csrf 200 in 16ms (next.js: 7ms, application-code: 9ms)
 POST /api/auth/callback/credentials 302 in 677ms (next.js: 1713µs, application-code: 675ms)
 GET / 307 in 397ms (next.js: 5ms, application-code: 392ms)
 GET /login 200 in 410ms (next.js: 1805µs, application-code: 408ms)
 GET /api/auth/session 200 in 144ms (next.js: 13ms, application-code: 132ms)
 GET /api/auth/csrf 200 in 5ms (next.js: 1599µs, application-code: 4ms)
 POST /api/auth/callback/credentials 302 in 656ms (next.js: 2ms, application-code: 653ms)
 GET / 307 in 433ms (next.js: 6ms, application-code: 427ms)
 GET /login 200 in 419ms (next.js: 4ms, application-code: 414ms)
 GET /api/auth/session 200 in 135ms (next.js: 8ms, application-code: 127ms)
 GET /api/auth/csrf 200 in 6ms (next.js: 1659µs, application-code: 4ms)
 POST /api/auth/callback/credentials 302 in 610ms (next.js: 1554µs, application-code: 609ms)
 GET / 307 in 370ms (next.js: 1587µs, application-code: 369ms)
 GET /login 200 in 389ms (next.js: 1817µs, application-code: 387ms)
 GET /api/auth/session 200 in 135ms (next.js: 8ms, application-code: 127ms)
 GET /api/auth/csrf 200 in 8ms (next.js: 3ms, application-code: 5ms)
 POST /api/auth/callback/credentials 302 in 646ms (next.js: 3ms, application-code: 643ms)
 GET / 307 in 414ms (next.js: 4ms, application-code: 410ms)
 GET /login 200 in 393ms (next.js: 1605µs, application-code: 392ms)
 GET /api/auth/session 200 in 120ms (next.js: 7ms, application-code: 114ms)
 GET /api/auth/csrf 200 in 5ms (next.js: 1701µs, application-code: 4ms)
 POST /api/auth/callback/credentials 302 in 584ms (next.js: 1502µs, application-code: 582ms)
 GET / 307 in 363ms (next.js: 3ms, application-code: 360ms)
 GET /login 200 in 389ms (next.js: 1575µs, application-code: 387ms)
 GET /api/auth/session 200 in 131ms (next.js: 7ms, application-code: 124ms)
 GET /api/admin/enrollments 200 in 2.1s (next.js: 689ms, application-code: 1455ms)
 GET /api/admin/enrollments 200 in 1676ms (next.js: 4ms, application-code: 1672ms)
 GET /api/admin/enrollments?departmentId=cmrc1y4uk000dk2kdqc6m8jp6 403 in 391ms (next.js: 3ms, application-code: 388ms)
 GET /api/admin/enrollments 403 in 265ms (next.js: 4ms, application-code: 261ms)
 GET /api/admin/enrollments 403 in 261ms (next.js: 4ms, application-code: 257ms)
 GET /api/admin/enrollments 401 in 19ms (next.js: 4ms, application-code: 15ms)
 POST /api/admin/enrollments 400 in 499ms (next.js: 1656µs, application-code: 497ms)
 POST /api/admin/enrollments 400 in 645ms (next.js: 3ms, application-code: 642ms)
 POST /api/admin/enrollments 403 in 392ms (next.js: 5ms, application-code: 387ms)
 POST /api/admin/enrollments 403 in 271ms (next.js: 3ms, application-code: 268ms)
 POST /api/admin/enrollments 403 in 279ms (next.js: 3ms, application-code: 276ms)
 POST /api/admin/enrollments 401 in 25ms (next.js: 3ms, application-code: 23ms)
 PATCH /api/admin/enrollments/cmrgc1dcq0001ito32yevsbw0 200 in 4.0s (next.js: 1021ms, application-code: 3.0s)
 PATCH /api/admin/enrollments/cmrgc1dcq0001ito32yevsbw0 200 in 3.1s (next.js: 14ms, application-code: 3.1s)
 PATCH /api/admin/enrollments/cmrgc4f2i0004ph6lmstmj6ff 403 in 495ms (next.js: 5ms, application-code: 490ms)
 PATCH /api/admin/enrollments/cmrgc1dcq0001ito32yevsbw0 403 in 254ms (next.js: 7ms, application-code: 248ms)
 PATCH /api/admin/enrollments/cmrgc1dcq0001ito32yevsbw0 403 in 278ms (next.js: 1761µs, application-code: 276ms)
 PATCH /api/admin/enrollments/cmrgc1dcq0001ito32yevsbw0 401 in 11ms (next.js: 1903µs, application-code: 10ms)
 GET /api/admin/enrollments/cmrc1y8f7001bk2kdnzbaq7p5/timeline 200 in 3.0s (next.js: 949ms, application-code: 2.0s)
 GET /api/admin/enrollments/cmrc1y8f7001bk2kdnzbaq7p5/timeline 200 in 2.2s (next.js: 6ms, application-code: 2.2s)
 GET /api/admin/enrollments/cmrgc4el50002ph6lx0ea4x8y/timeline 403 in 500ms (next.js: 8ms, application-code: 493ms)
 GET /api/admin/enrollments/cmrc1y8f7001bk2kdnzbaq7p5/timeline 403 in 255ms (next.js: 1449µs, application-code: 254ms)
 GET /api/admin/enrollments/cmrc1y8f7001bk2kdnzbaq7p5/timeline 403 in 268ms (next.js: 13ms, application-code: 255ms)
 GET /api/admin/enrollments/cmrc1y8f7001bk2kdnzbaq7p5/timeline 401 in 32ms (next.js: 3ms, application-code: 30ms)
 POST /api/admin/promotions 400 in 975ms (next.js: 468ms, application-code: 508ms)
 POST /api/admin/promotions 400 in 630ms (next.js: 3ms, application-code: 626ms)
 POST /api/admin/promotions 403 in 394ms (next.js: 4ms, application-code: 390ms)
 POST /api/admin/promotions 403 in 262ms (next.js: 4ms, application-code: 259ms)
 POST /api/admin/promotions 403 in 259ms (next.js: 1362µs, application-code: 257ms)
 POST /api/admin/promotions 401 in 22ms (next.js: 3ms, application-code: 19ms)
 POST /api/admin/promotions/preview 200 in 2.2s (next.js: 422ms, application-code: 1735ms)
 POST /api/admin/promotions/preview 200 in 1813ms (next.js: 5ms, application-code: 1808ms)
 POST /api/admin/promotions/preview 403 in 387ms (next.js: 4ms, application-code: 384ms)
 POST /api/admin/promotions/preview 403 in 272ms (next.js: 4ms, application-code: 268ms)
 POST /api/admin/promotions/preview 403 in 276ms (next.js: 3ms, application-code: 273ms)
 POST /api/admin/promotions/preview 401 in 30ms (next.js: 3ms, application-code: 26ms)
 POST /api/admin/promotions/bulk 200 in 1026ms (next.js: 477ms, application-code: 549ms)
 POST /api/admin/promotions/bulk 200 in 623ms (next.js: 4ms, application-code: 620ms)
 POST /api/admin/promotions/bulk 403 in 366ms (next.js: 1958µs, application-code: 364ms)
 POST /api/admin/promotions/bulk 403 in 263ms (next.js: 1903µs, application-code: 262ms)
 POST /api/admin/promotions/bulk 403 in 263ms (next.js: 2ms, application-code: 261ms)
 POST /api/admin/promotions/bulk 401 in 20ms (next.js: 1582µs, application-code: 19ms)
 POST /api/admin/transfers 400 in 948ms (next.js: 451ms, application-code: 498ms)
 POST /api/admin/transfers 400 in 614ms (next.js: 1970µs, application-code: 612ms)
 POST /api/admin/transfers 403 in 363ms (next.js: 1553µs, application-code: 361ms)
 POST /api/admin/transfers 403 in 258ms (next.js: 1555µs, application-code: 257ms)
 POST /api/admin/transfers 403 in 275ms (next.js: 3ms, application-code: 272ms)
 POST /api/admin/transfers 401 in 12ms (next.js: 4ms, application-code: 8ms)
 POST /api/admin/leaves 201 in 3.8s (next.js: 499ms, application-code: 3.3s)
 POST /api/admin/leaves 400 in 738ms (next.js: 1342µs, application-code: 737ms)
 POST /api/admin/leaves 403 in 501ms (next.js: 3ms, application-code: 497ms)
 POST /api/admin/leaves 403 in 273ms (next.js: 3ms, application-code: 270ms)
 POST /api/admin/leaves 403 in 275ms (next.js: 3ms, application-code: 271ms)
 POST /api/admin/leaves 401 in 25ms (next.js: 4ms, application-code: 22ms)
 POST /api/admin/readmissions 400 in 997ms (next.js: 485ms, application-code: 512ms)
 POST /api/admin/readmissions 400 in 627ms (next.js: 4ms, application-code: 623ms)
 POST /api/admin/readmissions 403 in 384ms (next.js: 3ms, application-code: 380ms)
 POST /api/admin/readmissions 403 in 264ms (next.js: 3ms, application-code: 260ms)
 POST /api/admin/readmissions 403 in 262ms (next.js: 3ms, application-code: 259ms)
 POST /api/admin/readmissions 401 in 27ms (next.js: 3ms, application-code: 23ms)
 POST /api/admin/graduations 400 in 1094ms (next.js: 458ms, application-code: 635ms)
 POST /api/admin/graduations 400 in 761ms (next.js: 3ms, application-code: 758ms)
 POST /api/admin/graduations 403 in 524ms (next.js: 4ms, application-code: 520ms)
 POST /api/admin/graduations 403 in 275ms (next.js: 4ms, application-code: 272ms)
 POST /api/admin/graduations 403 in 273ms (next.js: 4ms, application-code: 268ms)
 POST /api/admin/graduations 401 in 14ms (next.js: 3ms, application-code: 10ms)
 PATCH /api/admin/graduations 400 in 644ms (next.js: 4ms, application-code: 640ms)
 PATCH /api/admin/graduations 400 in 780ms (next.js: 3ms, application-code: 777ms)
 PATCH /api/admin/graduations 403 in 528ms (next.js: 4ms, application-code: 524ms)
 PATCH /api/admin/graduations 403 in 268ms (next.js: 4ms, application-code: 264ms)
 PATCH /api/admin/graduations 403 in 259ms (next.js: 3ms, application-code: 256ms)
 PATCH /api/admin/graduations 401 in 22ms (next.js: 1541µs, application-code: 21ms)
 GET /api/account/academic-history 403 in 611ms (next.js: 482ms, application-code: 129ms)
 GET /api/account/academic-history 403 in 128ms (next.js: 1896µs, application-code: 126ms)
 GET /api/account/academic-history 403 in 146ms (next.js: 3ms, application-code: 143ms)
 GET /api/account/academic-history 403 in 143ms (next.js: 3ms, application-code: 140ms)
 GET /api/account/academic-history 200 in 1909ms (next.js: 1591µs, application-code: 1908ms)
 GET /api/account/academic-history 401 in 13ms (next.js: 3ms, application-code: 10ms)
