(node:6692) [DEP0169] DeprecationWarning: `url.parse()` behavior is not standardized and prone to errors that have security implications. Use the WHATWG URL API instead. CVEs are not issued for `url.parse()` vulnerabilities.
(Use `node --trace-deprecation ...` to show where the warning was created)
⚠ Blocked cross-origin request to Next.js dev resource /_next/webpack-hmr from "127.0.0.1".
Cross-origin access to Next.js dev resources is blocked by default for safety.

To allow this host in development, add it to "allowedDevOrigins" in next.config.js and restart the dev server:

// next.config.js
module.exports = {
  allowedDevOrigins: ['127.0.0.1'],
}

Read more: https://nextjs.org/docs/app/api-reference/config/next-config-js/allowedDevOrigins
TypeError: controller[kState].transformAlgorithm is not a function
    at ignore-listed frames
TypeError: controller[kState].transformAlgorithm is not a function
    at ignore-listed frames
TypeError: controller[kState].transformAlgorithm is not a function
    at ignore-listed frames
TypeError: controller[kState].transformAlgorithm is not a function
    at ignore-listed frames
TypeError: controller[kState].transformAlgorithm is not a function
    at ignore-listed frames
TypeError: controller[kState].transformAlgorithm is not a function
    at ignore-listed frames
