[DB] Skipping Prisma db push because AUTO_DB_PUSH is not enabled
Creating turbopack project { dir: 'D:\\Public\\exam-system-online', testMode: true }

╔════════════════════════════════════════╗
║      ExamFlow Pro is running! 🎓      ║
╠════════════════════════════════════════╣
║  URL:    http://localhost:3000         ║
║  Mode:   Development              ║
║  Socket: Enabled (ws://localhost:3000) ║
╚════════════════════════════════════════╝
    
 GET /api/auth/csrf 200 in 1538ms (next.js: 1511ms, application-code: 27ms)
 POST /api/auth/callback/credentials 302 in 1403ms (next.js: 8ms, application-code: 1395ms)
 GET / 307 in 2.4s (next.js: 998ms, application-code: 1424ms)
 GET /login 200 in 934ms (next.js: 52ms, application-code: 883ms)
 GET /api/auth/session 200 in 130ms (next.js: 8ms, application-code: 123ms)
 GET /api/auth/csrf 200 in 6ms (next.js: 2ms, application-code: 4ms)
 POST /api/auth/callback/credentials 302 in 456ms (next.js: 1690µs, application-code: 455ms)
 GET / 307 in 396ms (next.js: 4ms, application-code: 392ms)
 GET /login 200 in 1011ms (next.js: 2ms, application-code: 1009ms)
 GET /api/auth/session 200 in 140ms (next.js: 10ms, application-code: 130ms)
 GET /api/auth/csrf 200 in 8ms (next.js: 3ms, application-code: 5ms)
 POST /api/auth/callback/credentials 302 in 434ms (next.js: 1611µs, application-code: 433ms)
 GET / 307 in 426ms (next.js: 3ms, application-code: 423ms)
 GET /login 200 in 414ms (next.js: 5ms, application-code: 409ms)
 GET /api/auth/session 200 in 139ms (next.js: 15ms, application-code: 125ms)
 GET /api/auth/csrf 200 in 6ms (next.js: 1728µs, application-code: 4ms)
 POST /api/auth/callback/credentials 302 in 434ms (next.js: 1567µs, application-code: 433ms)
 GET / 307 in 399ms (next.js: 5ms, application-code: 394ms)
 GET /login 200 in 450ms (next.js: 4ms, application-code: 447ms)
 GET /api/auth/session 200 in 153ms (next.js: 13ms, application-code: 140ms)
 GET /api/auth/csrf 200 in 13ms (next.js: 5ms, application-code: 8ms)
 POST /api/auth/callback/credentials 302 in 465ms (next.js: 3ms, application-code: 461ms)
 GET / 307 in 419ms (next.js: 1780µs, application-code: 417ms)
 GET /login 200 in 412ms (next.js: 1701µs, application-code: 410ms)
 GET /api/auth/session 200 in 133ms (next.js: 6ms, application-code: 127ms)
 GET /api/admin/enrollments 200 in 1978ms (next.js: 498ms, application-code: 1481ms)
 GET /api/admin/enrollments 200 in 1640ms (next.js: 3ms, application-code: 1637ms)
 GET /api/admin/enrollments?departmentId=cmrgowfh6000apmlz718clmq8 403 in 369ms (next.js: 3ms, application-code: 365ms)
 GET /api/admin/enrollments 403 in 250ms (next.js: 3ms, application-code: 246ms)
 GET /api/admin/enrollments 403 in 247ms (next.js: 4ms, application-code: 243ms)
 GET /api/admin/enrollments 401 in 11ms (next.js: 4ms, application-code: 8ms)
 POST /api/admin/enrollments 400 in 488ms (next.js: 3ms, application-code: 484ms)
 POST /api/admin/enrollments 400 in 578ms (next.js: 2ms, application-code: 575ms)
 POST /api/admin/enrollments 403 in 356ms (next.js: 1346µs, application-code: 355ms)
 POST /api/admin/enrollments 403 in 233ms (next.js: 1754µs, application-code: 231ms)
 POST /api/admin/enrollments 403 in 234ms (next.js: 1393µs, application-code: 232ms)
 POST /api/admin/enrollments 401 in 18ms (next.js: 2ms, application-code: 16ms)
 PATCH /api/admin/enrollments/cmrgoxdx8005ypmlzl151rkdj 200 in 3.7s (next.js: 887ms, application-code: 2.9s)
 PATCH /api/admin/enrollments/cmrgoxdx8005ypmlzl151rkdj 200 in 2.9s (next.js: 13ms, application-code: 2.9s)
 PATCH /api/admin/enrollments/cmrgp1vg90004n93kb2blq0s4 403 in 490ms (next.js: 13ms, application-code: 476ms)
 PATCH /api/admin/enrollments/cmrgoxdx8005ypmlzl151rkdj 403 in 258ms (next.js: 3ms, application-code: 255ms)
 PATCH /api/admin/enrollments/cmrgoxdx8005ypmlzl151rkdj 403 in 259ms (next.js: 13ms, application-code: 246ms)
 PATCH /api/admin/enrollments/cmrgoxdx8005ypmlzl151rkdj 401 in 19ms (next.js: 3ms, application-code: 15ms)
 GET /api/admin/enrollments/cmrgowvz3003ipmlzjls44rak/timeline 200 in 2.8s (next.js: 916ms, application-code: 1914ms)
 GET /api/admin/enrollments/cmrgowvz3003ipmlzjls44rak/timeline 200 in 2.0s (next.js: 9ms, application-code: 2.0s)
 GET /api/admin/enrollments/cmrgp1v100002n93k632sbda4/timeline 403 in 476ms (next.js: 12ms, application-code: 464ms)
 GET /api/admin/enrollments/cmrgowvz3003ipmlzjls44rak/timeline 403 in 238ms (next.js: 2ms, application-code: 236ms)
 GET /api/admin/enrollments/cmrgowvz3003ipmlzjls44rak/timeline 403 in 242ms (next.js: 5ms, application-code: 237ms)
 GET /api/admin/enrollments/cmrgowvz3003ipmlzjls44rak/timeline 401 in 14ms (next.js: 3ms, application-code: 11ms)
 POST /api/admin/promotions 400 in 829ms (next.js: 356ms, application-code: 473ms)
 POST /api/admin/promotions 400 in 592ms (next.js: 3ms, application-code: 589ms)
 POST /api/admin/promotions 403 in 364ms (next.js: 3ms, application-code: 360ms)
 POST /api/admin/promotions 403 in 257ms (next.js: 3ms, application-code: 254ms)
 POST /api/admin/promotions 403 in 239ms (next.js: 1396µs, application-code: 237ms)
 POST /api/admin/promotions 401 in 13ms (next.js: 2ms, application-code: 11ms)
 POST /api/admin/promotions/preview 200 in 1962ms (next.js: 365ms, application-code: 1597ms)
 POST /api/admin/promotions/preview 200 in 1699ms (next.js: 3ms, application-code: 1695ms)
 POST /api/admin/promotions/preview 403 in 348ms (next.js: 1345µs, application-code: 347ms)
 POST /api/admin/promotions/preview 403 in 264ms (next.js: 5ms, application-code: 259ms)
 POST /api/admin/promotions/preview 403 in 240ms (next.js: 3ms, application-code: 237ms)
 POST /api/admin/promotions/preview 401 in 16ms (next.js: 3ms, application-code: 13ms)
 POST /api/admin/promotions/bulk 200 in 886ms (next.js: 409ms, application-code: 477ms)
 POST /api/admin/promotions/bulk 200 in 605ms (next.js: 4ms, application-code: 601ms)
 POST /api/admin/promotions/bulk 403 in 377ms (next.js: 3ms, application-code: 374ms)
 POST /api/admin/promotions/bulk 403 in 247ms (next.js: 3ms, application-code: 244ms)
 POST /api/admin/promotions/bulk 403 in 257ms (next.js: 4ms, application-code: 254ms)
 POST /api/admin/promotions/bulk 401 in 27ms (next.js: 3ms, application-code: 24ms)
 POST /api/admin/transfers 404 in 747ms (next.js: 375ms, application-code: 372ms)
 POST /api/admin/transfers 404 in 482ms (next.js: 3ms, application-code: 479ms)
 POST /api/admin/transfers 404 in 487ms (next.js: 4ms, application-code: 482ms)
 POST /api/admin/transfers 403 in 261ms (next.js: 3ms, application-code: 257ms)
 POST /api/admin/transfers 403 in 245ms (next.js: 3ms, application-code: 242ms)
 POST /api/admin/transfers 401 in 28ms (next.js: 3ms, application-code: 25ms)
 POST /api/admin/leaves 201 in 3.5s (next.js: 375ms, application-code: 3.1s)
 POST /api/admin/leaves 400 in 705ms (next.js: 5ms, application-code: 700ms)
 POST /api/admin/leaves 403 in 494ms (next.js: 3ms, application-code: 490ms)
 POST /api/admin/leaves 403 in 245ms (next.js: 4ms, application-code: 242ms)
 POST /api/admin/leaves 403 in 250ms (next.js: 2ms, application-code: 248ms)
 POST /api/admin/leaves 401 in 13ms (next.js: 1565µs, application-code: 11ms)
 POST /api/admin/readmissions 400 in 833ms (next.js: 361ms, application-code: 472ms)
 POST /api/admin/readmissions 400 in 593ms (next.js: 3ms, application-code: 590ms)
 POST /api/admin/readmissions 403 in 366ms (next.js: 4ms, application-code: 362ms)
 POST /api/admin/readmissions 403 in 261ms (next.js: 3ms, application-code: 258ms)
 POST /api/admin/readmissions 403 in 258ms (next.js: 4ms, application-code: 254ms)
 POST /api/admin/readmissions 401 in 24ms (next.js: 3ms, application-code: 21ms)
 POST /api/admin/graduations 400 in 895ms (next.js: 321ms, application-code: 573ms)
 POST /api/admin/graduations 400 in 681ms (next.js: 2ms, application-code: 679ms)
 POST /api/admin/graduations 403 in 456ms (next.js: 1352µs, application-code: 454ms)
 POST /api/admin/graduations 403 in 250ms (next.js: 1726µs, application-code: 248ms)
 POST /api/admin/graduations 403 in 233ms (next.js: 1490µs, application-code: 231ms)
 POST /api/admin/graduations 401 in 14ms (next.js: 4ms, application-code: 9ms)
 PATCH /api/admin/graduations 400 in 599ms (next.js: 1276µs, application-code: 598ms)
 PATCH /api/admin/graduations 400 in 724ms (next.js: 3ms, application-code: 721ms)
 PATCH /api/admin/graduations 403 in 461ms (next.js: 1991µs, application-code: 459ms)
 PATCH /api/admin/graduations 403 in 245ms (next.js: 1916µs, application-code: 243ms)
 PATCH /api/admin/graduations 403 in 247ms (next.js: 1851µs, application-code: 245ms)
 PATCH /api/admin/graduations 401 in 15ms (next.js: 1348µs, application-code: 14ms)
 GET /api/account/academic-history 403 in 518ms (next.js: 382ms, application-code: 135ms)
 GET /api/account/academic-history 403 in 152ms (next.js: 4ms, application-code: 148ms)
 GET /api/account/academic-history 403 in 145ms (next.js: 3ms, application-code: 142ms)
 GET /api/account/academic-history 403 in 143ms (next.js: 3ms, application-code: 140ms)
 GET /api/account/academic-history 200 in 1837ms (next.js: 3ms, application-code: 1834ms)
 GET /api/account/academic-history 401 in 19ms (next.js: 3ms, application-code: 17ms)
