(node:2844) [DEP0169] DeprecationWarning: `url.parse()` behavior is not standardized and prone to errors that have security implications. Use the WHATWG URL API instead. CVEs are not issued for `url.parse()` vulnerabilities.
(Use `node --trace-deprecation ...` to show where the warning was created)
TypeError: controller[kState].transformAlgorithm is not a function
    at ignore-listed frames
TypeError: controller[kState].transformAlgorithm is not a function
    at ignore-listed frames
TypeError: controller[kState].transformAlgorithm is not a function
    at ignore-listed frames
TypeError: controller[kState].transformAlgorithm is not a function
    at ignore-listed frames
⨯ Error: FORBIDDEN
    at requireRole (file:\D:\Public\exam-system-online\src\lib\auth.ts:138:11)
    at async getAdminScope (file:\D:\Public\exam-system-online\src\lib\admin-scope.ts:12:19)
    at async EnrollmentsPage (file:\D:\Public\exam-system-online\src\app\admin\enrollments\page.tsx:7:17)
  136 |   }
  137 |   if (!roles.includes(dbUser.role)) {
> 138 |     throw new Error('FORBIDDEN')
      |           ^
  139 |   }
  140 |   return {
  141 |     ...session, {
  digest: '2088194246'
}
TypeError: controller[kState].transformAlgorithm is not a function
    at ignore-listed frames
⨯ Error: FORBIDDEN
    at requireRole (file:\D:\Public\exam-system-online\src\lib\auth.ts:138:11)
    at async getAdminScope (file:\D:\Public\exam-system-online\src\lib\admin-scope.ts:12:19)
    at async EnrollmentsPage (file:\D:\Public\exam-system-online\src\app\admin\enrollments\page.tsx:7:17)
  136 |   }
  137 |   if (!roles.includes(dbUser.role)) {
> 138 |     throw new Error('FORBIDDEN')
      |           ^
  139 |   }
  140 |   return {
  141 |     ...session, {
  digest: '2088194246'
}
TypeError: controller[kState].transformAlgorithm is not a function
    at ignore-listed frames
TypeError: controller[kState].transformAlgorithm is not a function
    at ignore-listed frames
TypeError: controller[kState].transformAlgorithm is not a function
    at ignore-listed frames
TypeError: controller[kState].transformAlgorithm is not a function
    at ignore-listed frames
TypeError: controller[kState].transformAlgorithm is not a function
    at ignore-listed frames
TypeError: controller[kState].transformAlgorithm is not a function
    at ignore-listed frames
TypeError: controller[kState].transformAlgorithm is not a function
    at ignore-listed frames
TypeError: controller[kState].transformAlgorithm is not a function
    at ignore-listed frames
TypeError: controller[kState].transformAlgorithm is not a function
    at ignore-listed frames
TypeError: controller[kState].transformAlgorithm is not a function
    at ignore-listed frames
TypeError: controller[kState].transformAlgorithm is not a function
    at ignore-listed frames
TypeError: controller[kState].transformAlgorithm is not a function
    at ignore-listed frames
TypeError: controller[kState].transformAlgorithm is not a function
    at ignore-listed frames
TypeError: controller[kState].transformAlgorithm is not a function
    at ignore-listed frames
