[DB] Skipping Prisma db push because AUTO_DB_PUSH is not enabled
Creating turbopack project { dir: 'D:\\Public\\exam-system-online', testMode: true }

╔════════════════════════════════════════╗
║      ExamFlow Pro is running! 🎓      ║
╠════════════════════════════════════════╣
║  URL:    http://localhost:3103         ║
║  Mode:   Development              ║
║  Socket: Enabled (ws://localhost:3103) ║
╚════════════════════════════════════════╝
    
 GET /api/auth/csrf 200 in 1595ms (next.js: 1565ms, application-code: 30ms)
 GET /api/auth/csrf 200 in 28ms (next.js: 16ms, application-code: 12ms)
 POST /api/auth/callback/credentials 302 in 1521ms (next.js: 10ms, application-code: 1511ms)
 GET / 307 in 2.4s (next.js: 1057ms, application-code: 1364ms)
 GET /login 200 in 818ms (next.js: 45ms, application-code: 773ms)
 GET /api/auth/csrf 200 in 10ms (next.js: 6ms, application-code: 4ms)
 POST /api/auth/callback/credentials 302 in 405ms (next.js: 1818µs, application-code: 403ms)
 GET / 307 in 363ms (next.js: 1787µs, application-code: 361ms)
 GET /login 200 in 886ms (next.js: 2ms, application-code: 884ms)
 GET /api/auth/csrf 200 in 24ms (next.js: 14ms, application-code: 9ms)
 POST /api/auth/callback/credentials 302 in 421ms (next.js: 2ms, application-code: 419ms)
 GET / 307 in 366ms (next.js: 1668µs, application-code: 364ms)
 GET /login 200 in 414ms (next.js: 1705µs, application-code: 413ms)
 GET /api/auth/csrf 200 in 46ms (next.js: 13ms, application-code: 33ms)
 POST /api/auth/callback/credentials 302 in 462ms (next.js: 1737µs, application-code: 460ms)
 GET / 307 in 380ms (next.js: 1592µs, application-code: 379ms)
 GET /login 200 in 358ms (next.js: 1876µs, application-code: 356ms)
 GET /admin/enrollments 200 in 3.1s (next.js: 445ms, application-code: 2.6s)
 GET /admin/promotions 200 in 1801ms (next.js: 91ms, application-code: 1710ms)
 GET /admin/transfers 200 in 1580ms (next.js: 55ms, application-code: 1526ms)
 GET /admin/leaves 200 in 1151ms (next.js: 49ms, application-code: 1101ms)
 GET /admin/readmissions 200 in 1423ms (next.js: 119ms, application-code: 1304ms)
 GET /admin/graduation 200 in 1310ms (next.js: 60ms, application-code: 1250ms)
 GET /admin/enrollments 200 in 2.1s (next.js: 4ms, application-code: 2.1s)
 GET /admin/students 200 in 2.2s (next.js: 92ms, application-code: 2.1s)
 GET /api/students? 200 in 2.3s (next.js: 522ms, application-code: 1814ms)
 GET /api/admin/enrollments?search=Grace 200 in 2.1s (next.js: 460ms, application-code: 1606ms)
 GET /api/admin/enrollments?search=grace@student.test 200 in 1671ms (next.js: 1587µs, application-code: 1669ms)
 GET /api/admin/enrollments?departmentId=cmrgowf870009pmlzozbfj64d 200 in 1528ms (next.js: 4ms, application-code: 1523ms)
 GET /api/admin/enrollments?programId=cmrgowhy9000ppmlzh677ckfa 200 in 1558ms (next.js: 4ms, application-code: 1554ms)
 POST /api/admin/enrollments 201 in 3.4s (next.js: 1686µs, application-code: 3.4s)
 GET /api/admin/enrollments/cmrgq1b1w0002d0ddv8oashhy/timeline 200 in 2.5s (next.js: 1119ms, application-code: 1374ms)
 POST /api/admin/enrollments 201 in 3.4s (next.js: 6ms, application-code: 3.4s)
 POST /api/admin/enrollments 409 in 2.3s (next.js: 5ms, application-code: 2.3s)
 POST /api/admin/enrollments 400 in 598ms (next.js: 5ms, application-code: 594ms)
 POST /api/admin/enrollments 400 in 2.1s (next.js: 4ms, application-code: 2.1s)
 POST /api/admin/enrollments 400 in 2.0s (next.js: 1775µs, application-code: 2.0s)
 POST /api/admin/enrollments 400 in 2.1s (next.js: 4ms, application-code: 2.1s)
 POST /api/admin/enrollments 400 in 2.1s (next.js: 4ms, application-code: 2.1s)
 POST /api/admin/enrollments 400 in 2.0s (next.js: 4ms, application-code: 2.0s)
 POST /api/admin/enrollments 400 in 2.1s (next.js: 3ms, application-code: 2.1s)
 POST /api/admin/enrollments 400 in 2.1s (next.js: 3ms, application-code: 2.1s)
 PATCH /api/admin/enrollments/cmrgq1ctf0002i1uxbojgn857 200 in 3.8s (next.js: 876ms, application-code: 2.9s)
 PATCH /api/admin/enrollments/cmrgq1i60000di1uxzjkmz6f9 200 in 1779ms (next.js: 14ms, application-code: 1765ms)
 POST /api/admin/enrollments 400 in 378ms (next.js: 3ms, application-code: 375ms)
 POST /api/admin/enrollments 201 in 3.4s (next.js: 3ms, application-code: 3.4s)
 POST /api/admin/promotions/preview 200 in 3.8s (next.js: 410ms, application-code: 3.4s)
 POST /api/admin/promotions 201 in 5.8s (next.js: 427ms, application-code: 5.4s)
 POST /api/admin/enrollments 201 in 3.4s (next.js: 3ms, application-code: 3.4s)
 POST /api/admin/promotions 201 in 5.4s (next.js: 3ms, application-code: 5.4s)
 POST /api/admin/promotions 400 in 3.1s (next.js: 4ms, application-code: 3.1s)
 POST /api/admin/promotions 400 in 3.1s (next.js: 3ms, application-code: 3.1s)
 POST /api/admin/promotions 400 in 3.1s (next.js: 4ms, application-code: 3.0s)
 POST /api/admin/promotions 400 in 3.1s (next.js: 4ms, application-code: 3.1s)
 POST /api/admin/promotions 400 in 3.1s (next.js: 3ms, application-code: 3.1s)
 POST /api/admin/promotions 400 in 613ms (next.js: 4ms, application-code: 609ms)
 POST /api/admin/promotions 400 in 597ms (next.js: 5ms, application-code: 592ms)
 POST /api/admin/promotions 400 in 3.1s (next.js: 4ms, application-code: 3.1s)
 POST /api/admin/promotions 400 in 367ms (next.js: 4ms, application-code: 364ms)
 POST /api/admin/enrollments 201 in 3.4s (next.js: 1722µs, application-code: 3.4s)
 POST /api/admin/promotions 201 in 5.3s (next.js: 4ms, application-code: 5.3s)
 POST /api/admin/enrollments 201 in 3.4s (next.js: 4ms, application-code: 3.4s)
 POST /api/admin/enrollments 201 in 3.5s (next.js: 3ms, application-code: 3.5s)
 POST /api/admin/promotions/preview 200 in 3.4s (next.js: 3ms, application-code: 3.4s)
 POST /api/admin/promotions/bulk 200 in 11.0s (next.js: 423ms, application-code: 10.6s)
 POST /api/admin/enrollments 201 in 3.4s (next.js: 4ms, application-code: 3.4s)
 POST /api/admin/transfers 201 in 5.7s (next.js: 505ms, application-code: 5.2s)
 GET /api/admin/enrollments?search=phase3.exec.transfer-group.1783796042308@student.test 200 in 1629ms (next.js: 5ms, application-code: 1624ms)
 POST /api/admin/enrollments 201 in 3.2s (next.js: 4ms, application-code: 3.2s)
 POST /api/admin/transfers 201 in 4.8s (next.js: 3ms, application-code: 4.8s)
 POST /api/admin/enrollments 201 in 3.2s (next.js: 4ms, application-code: 3.2s)
 POST /api/admin/transfers 201 in 4.8s (next.js: 3ms, application-code: 4.8s)
 POST /api/admin/enrollments 201 in 3.2s (next.js: 3ms, application-code: 3.2s)
 POST /api/admin/transfers 400 in 2.9s (next.js: 3ms, application-code: 2.9s)
 POST /api/admin/transfers 400 in 2.9s (next.js: 1934µs, application-code: 2.9s)
 POST /api/admin/transfers 400 in 3.0s (next.js: 2ms, application-code: 3.0s)
 POST /api/admin/transfers 400 in 3.0s (next.js: 5ms, application-code: 3.0s)
 POST /api/admin/transfers 400 in 3.0s (next.js: 3ms, application-code: 3.0s)
 POST /api/admin/transfers 400 in 3.0s (next.js: 3ms, application-code: 3.0s)
 POST /api/admin/transfers 400 in 659ms (next.js: 3ms, application-code: 655ms)
 POST /api/admin/transfers 400 in 675ms (next.js: 3ms, application-code: 672ms)
 POST /api/admin/enrollments 201 in 3.2s (next.js: 4ms, application-code: 3.2s)
 POST /api/admin/leaves 201 in 3.4s (next.js: 446ms, application-code: 3.0s)
 POST /api/admin/enrollments 201 in 3.2s (next.js: 3ms, application-code: 3.2s)
 POST /api/admin/leaves 201 in 3.0s (next.js: 4ms, application-code: 3.0s)
 POST /api/admin/enrollments 201 in 3.2s (next.js: 6ms, application-code: 3.2s)
 POST /api/admin/leaves 201 in 2.9s (next.js: 1696µs, application-code: 2.9s)
 POST /api/admin/leaves 403 in 449ms (next.js: 4ms, application-code: 445ms)
 POST /api/admin/leaves 400 in 664ms (next.js: 3ms, application-code: 661ms)
 POST /api/admin/leaves 400 in 658ms (next.js: 4ms, application-code: 654ms)
 POST /api/admin/leaves 400 in 662ms (next.js: 3ms, application-code: 659ms)
 POST /api/admin/leaves 400 in 354ms (next.js: 3ms, application-code: 351ms)
 POST /api/admin/leaves 400 in 338ms (next.js: 3ms, application-code: 334ms)
 GET /admin/enrollments 307 in 622ms (next.js: 2ms, application-code: 620ms)
 GET / 307 in 549ms (next.js: 2ms, application-code: 546ms)
 GET /teacher/dashboard 200 in 1393ms (next.js: 106ms, application-code: 1288ms)
 POST /api/admin/enrollments 201 in 3.2s (next.js: 4ms, application-code: 3.2s)
 POST /api/admin/leaves 201 in 3.0s (next.js: 4ms, application-code: 3.0s)
 POST /api/admin/readmissions 201 in 3.9s (next.js: 478ms, application-code: 3.4s)
 POST /api/admin/enrollments 201 in 3.2s (next.js: 4ms, application-code: 3.2s)
 POST /api/admin/leaves 201 in 3.2s (next.js: 4ms, application-code: 3.2s)
 POST /api/admin/readmissions 201 in 3.9s (next.js: 5ms, application-code: 3.9s)
 POST /api/admin/readmissions 400 in 2.2s (next.js: 4ms, application-code: 2.2s)
 POST /api/admin/readmissions 400 in 1106ms (next.js: 3ms, application-code: 1102ms)
 POST /api/admin/readmissions 400 in 1185ms (next.js: 2ms, application-code: 1183ms)
 POST /api/admin/readmissions 400 in 2.2s (next.js: 1642µs, application-code: 2.2s)
 POST /api/admin/readmissions 400 in 2.2s (next.js: 3ms, application-code: 2.2s)
 POST /api/admin/readmissions 400 in 2.3s (next.js: 3ms, application-code: 2.3s)
 POST /api/admin/readmissions 400 in 2.3s (next.js: 5ms, application-code: 2.3s)
 POST /api/admin/readmissions 400 in 2.3s (next.js: 3ms, application-code: 2.3s)
 POST /api/admin/enrollments 201 in 3.2s (next.js: 3ms, application-code: 3.2s)
 POST /api/admin/graduations 201 in 4.0s (next.js: 439ms, application-code: 3.5s)
 POST /api/admin/enrollments 201 in 3.2s (next.js: 4ms, application-code: 3.2s)
 POST /api/admin/graduations 201 in 3.6s (next.js: 4ms, application-code: 3.6s)
 POST /api/admin/graduations 400 in 2.1s (next.js: 3ms, application-code: 2.0s)
 POST /api/admin/graduations 400 in 2.6s (next.js: 3ms, application-code: 2.6s)
 POST /api/admin/graduations 400 in 1993ms (next.js: 5ms, application-code: 1988ms)
 POST /api/admin/graduations 400 in 660ms (next.js: 1449µs, application-code: 659ms)
 POST /api/admin/graduations 400 in 661ms (next.js: 4ms, application-code: 658ms)
 POST /api/admin/graduations 400 in 678ms (next.js: 4ms, application-code: 674ms)
 POST /api/admin/graduations 400 in 679ms (next.js: 4ms, application-code: 675ms)
 POST /api/admin/graduations 400 in 355ms (next.js: 4ms, application-code: 351ms)
 POST /api/admin/graduations 400 in 345ms (next.js: 3ms, application-code: 342ms)
 GET /admin/enrollments 200 in 2.2s (next.js: 1782µs, application-code: 2.2s)
 GET /api/admin/enrollments/cmrgowzse0040pmlzhrkc3nab/timeline 403 in 449ms (next.js: 9ms, application-code: 440ms)
 POST /api/admin/promotions/preview 200 in 1472ms (next.js: 3ms, application-code: 1468ms)
 GET /api/admin/enrollments?departmentId=cmrgowfh6000apmlz718clmq8 403 in 338ms (next.js: 1587µs, application-code: 337ms)
 POST /api/admin/promotions 403 in 347ms (next.js: 4ms, application-code: 343ms)
 GET /api/admin/enrollments 403 in 236ms (next.js: 3ms, application-code: 232ms)
 GET /api/auth/csrf 200 in 31ms (next.js: 17ms, application-code: 14ms)
 POST /api/auth/callback/credentials 302 in 429ms (next.js: 5ms, application-code: 425ms)
 GET / 307 in 383ms (next.js: 3ms, application-code: 380ms)
 GET /login 200 in 402ms (next.js: 1843µs, application-code: 400ms)
 GET /student/academic-history 200 in 2.0s (next.js: 169ms, application-code: 1867ms)
 GET /api/account/academic-history 200 in 2.0s (next.js: 365ms, application-code: 1674ms)
 GET /api/admin/enrollments 403 in 219ms (next.js: 1535µs, application-code: 217ms)
 POST /api/admin/promotions 403 in 227ms (next.js: 1575µs, application-code: 226ms)
 GET /api/admin/enrollments/cmrgox4vw004rpmlzmi05jq9n/timeline 403 in 229ms (next.js: 6ms, application-code: 223ms)
 GET /admin/enrollments 307 in 468ms (next.js: 1716µs, application-code: 467ms)
 GET / 307 in 476ms (next.js: 1563µs, application-code: 475ms)
 GET /student/dashboard 200 in 1600ms (next.js: 68ms, application-code: 1533ms)
 GET /api/admin/enrollments 401 in 15ms (next.js: 1892µs, application-code: 13ms)
 GET /api/account/academic-history 401 in 14ms (next.js: 1465µs, application-code: 13ms)
 GET /api/auth/csrf 200 in 14ms (next.js: 7ms, application-code: 8ms)
 POST /api/auth/callback/credentials 302 in 430ms (next.js: 1587µs, application-code: 429ms)
 GET / 307 in 366ms (next.js: 1515µs, application-code: 365ms)
 GET /login 200 in 376ms (next.js: 2ms, application-code: 374ms)
 GET /student/profile 200 in 870ms (next.js: 61ms, application-code: 809ms)
 GET /api/exams 200 in 1704ms (next.js: 318ms, application-code: 1385ms)
 GET /api/exams/cmrgoxasl005npmlzu0zhcdlt 200 in 2.6s (next.js: 865ms, application-code: 1711ms)
 GET /teacher/assignments 200 in 1455ms (next.js: 72ms, application-code: 1383ms)
 GET /teacher/questions 200 in 1324ms (next.js: 76ms, application-code: 1247ms)
 GET /teacher/coursework 200 in 4.2s (next.js: 57ms, application-code: 4.2s)
 GET /student/ebooks 200 in 1664ms (next.js: 69ms, application-code: 1595ms)
 POST /api/admin/enrollments 201 in 3.4s (next.js: 4ms, application-code: 3.4s)
 POST /api/admin/transfers 201 in 4.6s (next.js: 4ms, application-code: 4.6s)
 GET /api/auth/csrf 200 in 24ms (next.js: 16ms, application-code: 7ms)
 POST /api/auth/callback/credentials 302 in 482ms (next.js: 4ms, application-code: 478ms)
 GET / 307 in 402ms (next.js: 7ms, application-code: 395ms)
 GET /login 200 in 393ms (next.js: 1665µs, application-code: 391ms)
 GET /api/exams 200 in 1364ms (next.js: 2ms, application-code: 1362ms)
 GET /teacher/ebooks 200 in 1889ms (next.js: 81ms, application-code: 1808ms)
 GET /api/auth/csrf 200 in 13ms (next.js: 8ms, application-code: 5ms)
 POST /api/auth/callback/credentials 302 in 485ms (next.js: 3ms, application-code: 482ms)
 GET / 307 in 405ms (next.js: 1572µs, application-code: 403ms)
 GET /login 200 in 401ms (next.js: 4ms, application-code: 397ms)
 GET /api/exams 200 in 1384ms (next.js: 3ms, application-code: 1381ms)
 GET /api/auth/csrf 200 in 22ms (next.js: 14ms, application-code: 7ms)
 POST /api/auth/callback/credentials 302 in 464ms (next.js: 1753µs, application-code: 463ms)
 GET / 307 in 385ms (next.js: 1681µs, application-code: 383ms)
 GET /login 200 in 392ms (next.js: 1583µs, application-code: 390ms)
 GET /api/exams/cmrgoxbrj005vpmlzimbk1ns6 403 in 1734ms (next.js: 13ms, application-code: 1722ms)
 GET /api/auth/csrf 200 in 23ms (next.js: 15ms, application-code: 9ms)
 POST /api/auth/callback/credentials 302 in 463ms (next.js: 3ms, application-code: 459ms)
 GET / 307 in 667ms (next.js: 1785µs, application-code: 665ms)
 GET /login 200 in 422ms (next.js: 4ms, application-code: 417ms)
 GET /api/exams/cmrgoxasl005npmlzu0zhcdlt 403 in 1713ms (next.js: 10ms, application-code: 1703ms)
 GET /api/exams/cmrgoxbis005tpmlzv86fbfmo 403 in 1743ms (next.js: 16ms, application-code: 1727ms)
 GET /api/auth/csrf 200 in 23ms (next.js: 13ms, application-code: 10ms)
 POST /api/auth/callback/credentials 302 in 439ms (next.js: 4ms, application-code: 435ms)
 GET / 307 in 432ms (next.js: 4ms, application-code: 427ms)
 GET /login 200 in 422ms (next.js: 2ms, application-code: 420ms)
 GET /api/exams/cmrgoxba4005rpmlz7uhmzn3l 403 in 1719ms (next.js: 12ms, application-code: 1708ms)
 GET /api/auth/csrf 200 in 21ms (next.js: 14ms, application-code: 6ms)
 POST /api/auth/callback/credentials 302 in 415ms (next.js: 2ms, application-code: 412ms)
 GET / 307 in 379ms (next.js: 1893µs, application-code: 377ms)
 GET /login 200 in 390ms (next.js: 1733µs, application-code: 388ms)
 GET /api/exams/cmrgq8dmr002xd0dd5c76u6jg 403 in 1718ms (next.js: 11ms, application-code: 1708ms)
 GET /api/exams/cmrgq8g68002zd0dd2903lceg 403 in 1731ms (next.js: 13ms, application-code: 1718ms)
 GET /api/auth/csrf 200 in 22ms (next.js: 12ms, application-code: 10ms)
 POST /api/auth/callback/credentials 302 in 473ms (next.js: 4ms, application-code: 469ms)
 GET / 307 in 403ms (next.js: 4ms, application-code: 399ms)
 GET /login 200 in 422ms (next.js: 4ms, application-code: 417ms)
 GET /api/exams 200 in 1392ms (next.js: 4ms, application-code: 1389ms)
 GET /api/exams/cmrgoxasl005npmlzu0zhcdlt 403 in 1723ms (next.js: 13ms, application-code: 1710ms)
 GET /api/auth/csrf 200 in 23ms (next.js: 14ms, application-code: 9ms)
 POST /api/auth/callback/credentials 302 in 478ms (next.js: 3ms, application-code: 474ms)
 GET / 307 in 383ms (next.js: 1672µs, application-code: 382ms)
 GET /login 200 in 413ms (next.js: 10ms, application-code: 403ms)
 GET /api/exams/cmrgp19x100i7pmlz4zg2bl5s 403 in 1719ms (next.js: 12ms, application-code: 1707ms)
 GET /api/results/cmrgp0er700f0pmlz7snm76mg 200 in 2.2s (next.js: 1002ms, application-code: 1186ms)
 GET /api/auth/csrf 200 in 25ms (next.js: 15ms, application-code: 10ms)
 POST /api/auth/callback/credentials 302 in 426ms (next.js: 2ms, application-code: 424ms)
 GET / 307 in 439ms (next.js: 4ms, application-code: 435ms)
 GET /login 200 in 401ms (next.js: 2ms, application-code: 399ms)
 GET /api/exams/cmrgoxasl005npmlzu0zhcdlt 403 in 1719ms (next.js: 13ms, application-code: 1706ms)
 GET /api/auth/csrf 200 in 11ms (next.js: 6ms, application-code: 5ms)
 POST /api/auth/callback/credentials 302 in 417ms (next.js: 1545µs, application-code: 415ms)
 GET / 307 in 359ms (next.js: 1492µs, application-code: 357ms)
 GET /login 200 in 397ms (next.js: 2ms, application-code: 395ms)
 GET /api/exams/cmrgoxb1d005ppmlzgvgp882b 403 in 1713ms (next.js: 12ms, application-code: 1700ms)
 GET /api/auth/csrf 200 in 23ms (next.js: 13ms, application-code: 10ms)
 POST /api/auth/callback/credentials 302 in 437ms (next.js: 4ms, application-code: 432ms)
 GET / 307 in 389ms (next.js: 2ms, application-code: 387ms)
 GET /login 200 in 429ms (next.js: 6ms, application-code: 423ms)
 GET /api/results/cmrgp0er700f0pmlz7snm76mg 403 in 1157ms (next.js: 6ms, application-code: 1151ms)
 GET /api/results/cmrgoxyby006ypmlztd6huztm 200 in 1148ms (next.js: 13ms, application-code: 1135ms)
 GET /admin/enrollments 200 in 2.3s (next.js: 5ms, application-code: 2.3s)
 GET /admin/enrollments 200 in 2.2s (next.js: 2ms, application-code: 2.2s)
 GET /student/academic-history 200 in 483ms (next.js: 1891µs, application-code: 481ms)
 GET /student/academic-history 200 in 548ms (next.js: 5ms, application-code: 543ms)
 GET /admin/years 200 in 828ms (next.js: 69ms, application-code: 759ms)
 GET /admin/years 200 in 691ms (next.js: 1875µs, application-code: 689ms)
 GET /admin/years 200 in 723ms (next.js: 1675µs, application-code: 721ms)
 GET /admin/degree-levels 200 in 473ms (next.js: 62ms, application-code: 411ms)
 POST /api/admin/degree-levels 201 in 911ms (next.js: 344ms, application-code: 567ms)
 GET /admin/degree-levels 200 in 433ms (next.js: 7ms, application-code: 426ms)
 GET /admin/degree-levels 200 in 496ms (next.js: 2ms, application-code: 493ms)
 POST /api/admin/degree-levels 201 in 541ms (next.js: 4ms, application-code: 538ms)
 GET /admin/degree-levels 200 in 364ms (next.js: 3ms, application-code: 361ms)
 GET /admin/enrollments 200 in 2.3s (next.js: 1751µs, application-code: 2.3s)
 GET /student/exams 200 in 1265ms (next.js: 114ms, application-code: 1151ms)
 GET /api/auth/csrf 200 in 14ms (next.js: 8ms, application-code: 7ms)
 POST /api/auth/callback/credentials 302 in 393ms (next.js: 1486µs, application-code: 392ms)
 GET / 307 in 392ms (next.js: 4ms, application-code: 388ms)
 GET /login 200 in 399ms (next.js: 4ms, application-code: 395ms)
 GET /api/socket/token 200 in 577ms (next.js: 434ms, application-code: 143ms)
[Socket] Connected: cmrgox8ly005apmlzamjj05c1 (STUDENT) - ZDxU5F6FwgSSD_-VAAAB
[Socket] Disconnected: cmrgox8ly005apmlzamjj05c1 - ZDxU5F6FwgSSD_-VAAAB
 POST /api/admin/enrollments 201 in 3.2s (next.js: 4ms, application-code: 3.2s)
 GET /api/auth/csrf 200 in 21ms (next.js: 13ms, application-code: 8ms)
 POST /api/auth/callback/credentials 302 in 404ms (next.js: 3ms, application-code: 401ms)
 GET / 307 in 390ms (next.js: 4ms, application-code: 387ms)
 GET /login 200 in 450ms (next.js: 4ms, application-code: 446ms)
 GET /api/socket/token 200 in 133ms (next.js: 6ms, application-code: 128ms)
[Socket] Connected: cmrgqaskr0030d0dd6egsdafk (STUDENT) - cPIJgQAmJup2IZrlAAAD
[Socket] Disconnected: cmrgqaskr0030d0dd6egsdafk - cPIJgQAmJup2IZrlAAAD
 GET /api/admin/enrollments/cmrgowzse0040pmlzhrkc3nab/timeline 200 in 1862ms (next.js: 6ms, application-code: 1856ms)
 GET /api/admin/enrollments/cmrgq5lek0029d0dde8hkw1up/timeline 200 in 1879ms (next.js: 12ms, application-code: 1868ms)
 GET /api/admin/enrollments/cmrgox2kn004fpmlzz819gv04/timeline 200 in 1877ms (next.js: 14ms, application-code: 1864ms)
